<?xml version="1.0" encoding="UTF-8"?>
<coverage generated="1710732015718" clover="3.2.0">
  <project timestamp="1710732015718" name="All files">
    <metrics statements="263" coveredstatements="236" conditionals="79" coveredconditionals="65" methods="69" coveredmethods="59" elements="411" coveredelements="360" complexity="0" loc="263" ncloc="263" packages="1" files="5" classes="5"/>
    <file name="ChartSearch.tsx" path="C:\Users\Ander\visualisation-frontend\src\Components\ChartSearch.tsx">
      <metrics statements="36" coveredstatements="33" conditionals="3" coveredconditionals="3" methods="5" coveredmethods="5"/>
      <line num="1" count="1" type="stmt"/>
      <line num="2" count="1" type="stmt"/>
      <line num="3" count="1" type="stmt"/>
      <line num="4" count="1" type="stmt"/>
      <line num="7" count="1" type="stmt"/>
      <line num="10" count="1" type="stmt"/>
      <line num="14" count="1" type="stmt"/>
      <line num="15" count="1" type="stmt"/>
      <line num="18" count="1" type="cond" truecount="3" falsecount="0"/>
      <line num="20" count="1" type="stmt"/>
      <line num="22" count="1" type="stmt"/>
      <line num="26" count="1" type="stmt"/>
      <line num="31" count="1" type="stmt"/>
      <line num="34" count="1" type="stmt"/>
      <line num="37" count="1" type="stmt"/>
      <line num="40" count="1" type="stmt"/>
      <line num="41" count="1" type="stmt"/>
      <line num="44" count="1" type="stmt"/>
      <line num="45" count="0" type="stmt"/>
      <line num="46" count="0" type="stmt"/>
      <line num="47" count="0" type="stmt"/>
      <line num="50" count="1" type="stmt"/>
      <line num="51" count="1" type="stmt"/>
      <line num="52" count="1" type="stmt"/>
      <line num="54" count="1" type="stmt"/>
      <line num="57" count="1" type="stmt"/>
      <line num="59" count="1" type="stmt"/>
      <line num="60" count="3" type="stmt"/>
      <line num="62" count="1" type="stmt"/>
      <line num="63" count="3" type="stmt"/>
      <line num="65" count="1" type="stmt"/>
      <line num="66" count="3" type="stmt"/>
      <line num="70" count="1" type="stmt"/>
      <line num="86" count="1" type="stmt"/>
      <line num="91" count="1" type="stmt"/>
      <line num="120" count="1" type="stmt"/>
    </file>
    <file name="ComparisonWidget.tsx" path="C:\Users\Ander\visualisation-frontend\src\Components\ComparisonWidget.tsx">
      <metrics statements="38" coveredstatements="37" conditionals="13" coveredconditionals="8" methods="13" coveredmethods="12"/>
      <line num="1" count="1" type="stmt"/>
      <line num="2" count="1" type="stmt"/>
      <line num="3" count="1" type="stmt"/>
      <line num="4" count="1" type="stmt"/>
      <line num="5" count="1" type="stmt"/>
      <line num="6" count="1" type="stmt"/>
      <line num="7" count="1" type="stmt"/>
      <line num="9" count="1" type="stmt"/>
      <line num="11" count="11" type="stmt"/>
      <line num="12" count="31" type="cond" truecount="1" falsecount="1"/>
      <line num="16" count="11" type="stmt"/>
      <line num="17" count="31" type="stmt"/>
      <line num="18" count="3" type="cond" truecount="1" falsecount="1"/>
      <line num="21" count="11" type="stmt"/>
      <line num="22" count="31" type="stmt"/>
      <line num="23" count="3" type="cond" truecount="1" falsecount="1"/>
      <line num="25" count="11" type="stmt"/>
      <line num="26" count="9" type="stmt"/>
      <line num="27" count="9" type="stmt"/>
      <line num="30" count="11" type="stmt"/>
      <line num="32" count="11" type="stmt"/>
      <line num="34" count="11" type="stmt"/>
      <line num="36" count="11" type="stmt"/>
      <line num="46" count="9" type="stmt"/>
      <line num="59" count="1" type="stmt"/>
      <line num="62" count="1" type="cond" truecount="1" falsecount="0"/>
      <line num="63" count="1" type="stmt"/>
      <line num="104" count="1" type="stmt"/>
      <line num="117" count="1" type="stmt"/>
      <line num="118" count="1" type="stmt"/>
      <line num="119" count="9" type="stmt"/>
      <line num="121" count="9" type="stmt"/>
      <line num="123" count="1" type="stmt"/>
      <line num="128" count="1" type="stmt"/>
      <line num="130" count="1" type="stmt"/>
      <line num="133" count="1" type="stmt"/>
      <line num="134" count="1" type="stmt"/>
      <line num="152" count="0" type="stmt"/>
    </file>
    <file name="FilterArrow.tsx" path="C:\Users\Ander\visualisation-frontend\src\Components\FilterArrow.tsx">
      <metrics statements="5" coveredstatements="5" conditionals="2" coveredconditionals="2" methods="1" coveredmethods="1"/>
      <line num="1" count="2" type="stmt"/>
      <line num="2" count="2" type="stmt"/>
      <line num="3" count="2" type="stmt"/>
      <line num="5" count="2" type="stmt"/>
      <line num="6" count="45" type="stmt"/>
    </file>
    <file name="FilterModal.tsx" path="C:\Users\Ander\visualisation-frontend\src\Components\FilterModal.tsx">
      <metrics statements="51" coveredstatements="48" conditionals="10" coveredconditionals="8" methods="12" coveredmethods="11"/>
      <line num="1" count="2" type="stmt"/>
      <line num="2" count="2" type="stmt"/>
      <line num="3" count="2" type="stmt"/>
      <line num="6" count="2" type="stmt"/>
      <line num="7" count="2" type="stmt"/>
      <line num="25" count="2" type="stmt"/>
      <line num="38" count="69" type="stmt"/>
      <line num="39" count="69" type="stmt"/>
      <line num="40" count="69" type="stmt"/>
      <line num="41" count="69" type="stmt"/>
      <line num="42" count="69" type="stmt"/>
      <line num="45" count="69" type="stmt"/>
      <line num="48" count="69" type="stmt"/>
      <line num="51" count="69" type="stmt"/>
      <line num="53" count="69" type="stmt"/>
      <line num="71" count="69" type="stmt"/>
      <line num="81" count="69" type="stmt"/>
      <line num="83" count="46" type="stmt"/>
      <line num="84" count="46" type="stmt"/>
      <line num="86" count="46" type="stmt"/>
      <line num="89" count="69" type="stmt"/>
      <line num="90" count="10" type="stmt"/>
      <line num="100" count="10" type="stmt"/>
      <line num="103" count="69" type="stmt"/>
      <line num="104" count="1" type="stmt"/>
      <line num="105" count="1" type="stmt"/>
      <line num="106" count="1" type="stmt"/>
      <line num="107" count="1" type="stmt"/>
      <line num="108" count="1" type="stmt"/>
      <line num="109" count="1" type="stmt"/>
      <line num="110" count="1" type="stmt"/>
      <line num="112" count="1" type="stmt"/>
      <line num="114" count="1" type="stmt"/>
      <line num="117" count="69" type="stmt"/>
      <line num="118" count="69" type="cond" truecount="1" falsecount="0"/>
      <line num="119" count="66" type="stmt"/>
      <line num="122" count="3" type="cond" truecount="1" falsecount="1"/>
      <line num="123" count="0" type="stmt"/>
      <line num="125" count="3" type="stmt"/>
      <line num="129" count="69" type="stmt"/>
      <line num="130" count="0" type="stmt"/>
      <line num="131" count="0" type="stmt"/>
      <line num="134" count="69" type="stmt"/>
      <line num="135" count="69" type="stmt"/>
      <line num="137" count="69" type="stmt"/>
      <line num="148" count="3" type="stmt"/>
      <line num="167" count="3" type="stmt"/>
      <line num="194" count="3" type="stmt"/>
      <line num="223" count="3" type="stmt"/>
      <line num="253" count="3" type="stmt"/>
      <line num="260" count="621" type="stmt"/>
    </file>
    <file name="SearchBar.tsx" path="C:\Users\Ander\visualisation-frontend\src\Components\SearchBar.tsx">
      <metrics statements="133" coveredstatements="113" conditionals="51" coveredconditionals="44" methods="38" coveredmethods="30"/>
      <line num="1" count="1" type="stmt"/>
      <line num="2" count="1" type="stmt"/>
      <line num="3" count="1" type="stmt"/>
      <line num="4" count="1" type="stmt"/>
      <line num="5" count="1" type="stmt"/>
      <line num="6" count="1" type="stmt"/>
      <line num="7" count="1" type="stmt"/>
      <line num="8" count="1" type="stmt"/>
      <line num="9" count="1" type="stmt"/>
      <line num="10" count="1" type="stmt"/>
      <line num="11" count="1" type="stmt"/>
      <line num="17" count="1" type="stmt"/>
      <line num="18" count="55" type="stmt"/>
      <line num="19" count="55" type="stmt"/>
      <line num="20" count="55" type="stmt"/>
      <line num="21" count="55" type="stmt"/>
      <line num="22" count="55" type="stmt"/>
      <line num="25" count="55" type="stmt"/>
      <line num="35" count="55" type="stmt"/>
      <line num="37" count="55" type="stmt"/>
      <line num="38" count="55" type="stmt"/>
      <line num="40" count="55" type="stmt"/>
      <line num="41" count="22" type="stmt"/>
      <line num="42" count="22" type="stmt"/>
      <line num="45" count="22" type="stmt"/>
      <line num="46" count="22" type="stmt"/>
      <line num="48" count="22" type="stmt"/>
      <line num="49" count="22" type="stmt"/>
      <line num="53" count="22" type="stmt"/>
      <line num="54" count="22" type="stmt"/>
      <line num="58" count="22" type="cond" truecount="1" falsecount="0"/>
      <line num="59" count="1" type="stmt"/>
      <line num="60" count="3" type="stmt"/>
      <line num="63" count="1" type="stmt"/>
      <line num="66" count="22" type="cond" truecount="1" falsecount="0"/>
      <line num="67" count="2" type="cond" truecount="2" falsecount="0"/>
      <line num="68" count="2" type="stmt"/>
      <line num="69" count="1" type="stmt"/>
      <line num="70" count="3" type="stmt"/>
      <line num="71" count="4" type="stmt"/>
      <line num="73" count="1" type="stmt"/>
      <line num="75" count="1" type="stmt"/>
      <line num="76" count="3" type="stmt"/>
      <line num="77" count="3" type="stmt"/>
      <line num="79" count="1" type="stmt"/>
      <line num="83" count="22" type="cond" truecount="1" falsecount="0"/>
      <line num="84" count="2" type="cond" truecount="2" falsecount="0"/>
      <line num="85" count="2" type="stmt"/>
      <line num="86" count="1" type="stmt"/>
      <line num="87" count="3" type="stmt"/>
      <line num="88" count="4" type="stmt"/>
      <line num="90" count="1" type="stmt"/>
      <line num="92" count="1" type="stmt"/>
      <line num="93" count="3" type="stmt"/>
      <line num="94" count="3" type="stmt"/>
      <line num="96" count="1" type="stmt"/>
      <line num="100" count="22" type="cond" truecount="1" falsecount="0"/>
      <line num="101" count="2" type="cond" truecount="2" falsecount="0"/>
      <line num="102" count="1" type="stmt"/>
      <line num="104" count="2" type="stmt"/>
      <line num="105" count="1" type="stmt"/>
      <line num="106" count="3" type="stmt"/>
      <line num="107" count="5" type="stmt"/>
      <line num="109" count="1" type="stmt"/>
      <line num="111" count="1" type="stmt"/>
      <line num="112" count="3" type="stmt"/>
      <line num="113" count="3" type="stmt"/>
      <line num="115" count="1" type="stmt"/>
      <line num="119" count="22" type="cond" truecount="1" falsecount="0"/>
      <line num="120" count="1" type="stmt"/>
      <line num="121" count="1" type="stmt"/>
      <line num="122" count="3" type="stmt"/>
      <line num="123" count="1" type="stmt"/>
      <line num="127" count="1" type="stmt"/>
      <line num="128" count="1" type="stmt"/>
      <line num="131" count="22" type="cond" truecount="0" falsecount="1"/>
      <line num="132" count="0" type="cond" truecount="0" falsecount="1"/>
      <line num="133" count="0" type="stmt"/>
      <line num="134" count="0" type="stmt"/>
      <line num="135" count="0" type="stmt"/>
      <line num="136" count="0" type="stmt"/>
      <line num="141" count="0" type="stmt"/>
      <line num="146" count="22" type="stmt"/>
      <line num="149" count="55" type="stmt"/>
      <line num="151" count="55" type="stmt"/>
      <line num="152" count="0" type="stmt"/>
      <line num="153" count="0" type="cond" truecount="0" falsecount="1"/>
      <line num="154" count="0" type="stmt"/>
      <line num="156" count="0" type="stmt"/>
      <line num="159" count="55" type="stmt"/>
      <line num="160" count="161" type="stmt"/>
      <line num="163" count="55" type="stmt"/>
      <line num="164" count="8" type="stmt"/>
      <line num="167" count="55" type="stmt"/>
      <line num="168" count="1" type="stmt"/>
      <line num="170" count="1" type="cond" truecount="1" falsecount="0"/>
      <line num="171" count="1" type="stmt"/>
      <line num="174" count="1" type="cond" truecount="3" falsecount="0"/>
      <line num="175" count="1" type="stmt"/>
      <line num="176" count="1" type="stmt"/>
      <line num="177" count="1" type="stmt"/>
      <line num="180" count="0" type="stmt"/>
      <line num="181" count="0" type="stmt"/>
      <line num="183" count="0" type="stmt"/>
      <line num="185" count="0" type="stmt"/>
      <line num="187" count="0" type="stmt"/>
      <line num="190" count="55" type="stmt"/>
      <line num="191" count="152" type="stmt"/>
      <line num="192" count="152" type="stmt"/>
      <line num="193" count="152" type="stmt"/>
      <line num="201" count="55" type="stmt"/>
      <line num="202" count="8" type="stmt"/>
      <line num="205" count="55" type="stmt"/>
      <line num="206" count="8" type="stmt"/>
      <line num="207" count="8" type="stmt"/>
      <line num="208" count="8" type="stmt"/>
      <line num="211" count="55" type="stmt"/>
      <line num="212" count="0" type="stmt"/>
      <line num="214" count="0" type="stmt"/>
      <line num="217" count="55" type="stmt"/>
      <line num="219" count="55" type="stmt"/>
      <line num="230" count="8" type="stmt"/>
      <line num="250" count="4" type="stmt"/>
      <line num="251" count="4" type="stmt"/>
      <line num="282" count="18" type="stmt"/>
      <line num="283" count="18" type="stmt"/>
      <line num="284" count="18" type="stmt"/>
      <line num="291" count="0" type="stmt"/>
      <line num="293" count="2" type="stmt"/>
      <line num="294" count="0" type="stmt"/>
      <line num="317" count="3" type="stmt"/>
      <line num="319" count="11" type="stmt"/>
      <line num="320" count="0" type="stmt"/>
    </file>
  </project>
</coverage>
