<?xml version="1.0" encoding="UTF-8"?>
<coverage generated="1711306789398" clover="3.2.0">
  <project timestamp="1711306789399" name="All files">
    <metrics statements="263" coveredstatements="236" conditionals="79" coveredconditionals="65" methods="69" coveredmethods="59" elements="411" coveredelements="360" complexity="0" loc="263" ncloc="263" packages="1" files="5" classes="5"/>
    <file name="ChartSearch.tsx" path="C:\Users\Ander\visualisation-frontend\src\Components\ChartSearch.tsx">
      <metrics statements="36" coveredstatements="33" conditionals="3" coveredconditionals="3" methods="5" coveredmethods="5"/>
      <line num="1" count="1" type="stmt"/>
      <line num="2" count="1" type="stmt"/>
      <line num="3" count="1" type="stmt"/>
      <line num="4" count="1" type="stmt"/>
      <line num="7" count="1" type="stmt"/>
      <line num="10" count="1" type="stmt"/>
      <line num="14" count="1" type="stmt"/>
      <line num="15" count="1" type="stmt"/>
      <line num="18" count="1" type="cond" truecount="3" falsecount="0"/>
      <line num="20" count="1" type="stmt"/>
      <line num="22" count="1" type="stmt"/>
      <line num="26" count="1" type="stmt"/>
      <line num="31" count="1" type="stmt"/>
      <line num="34" count="1" type="stmt"/>
      <line num="37" count="1" type="stmt"/>
      <line num="40" count="1" type="stmt"/>
      <line num="41" count="1" type="stmt"/>
      <line num="44" count="1" type="stmt"/>
      <line num="45" count="0" type="stmt"/>
      <line num="46" count="0" type="stmt"/>
      <line num="47" count="0" type="stmt"/>
      <line num="50" count="1" type="stmt"/>
      <line num="51" count="1" type="stmt"/>
      <line num="52" count="1" type="stmt"/>
      <line num="54" count="1" type="stmt"/>
      <line num="57" count="1" type="stmt"/>
      <line num="59" count="1" type="stmt"/>
      <line num="60" count="3" type="stmt"/>
      <line num="62" count="1" type="stmt"/>
      <line num="63" count="3" type="stmt"/>
      <line num="65" count="1" type="stmt"/>
      <line num="66" count="3" type="stmt"/>
      <line num="70" count="1" type="stmt"/>
      <line num="86" count="1" type="stmt"/>
      <line num="91" count="1" type="stmt"/>
      <line num="120" count="1" type="stmt"/>
    </file>
    <file name="ComparisonWidget.tsx" path="C:\Users\Ander\visualisation-frontend\src\Components\ComparisonWidget.tsx">
      <metrics statements="38" coveredstatements="37" conditionals="13" coveredconditionals="8" methods="13" coveredmethods="12"/>
      <line num="1" count="1" type="stmt"/>
      <line num="2" count="1" type="stmt"/>
      <line num="3" count="1" type="stmt"/>
      <line num="4" count="1" type="stmt"/>
      <line num="5" count="1" type="stmt"/>
      <line num="6" count="1" type="stmt"/>
      <line num="7" count="1" type="stmt"/>
      <line num="9" count="1" type="stmt"/>
      <line num="11" count="11" type="stmt"/>
      <line num="12" count="31" type="cond" truecount="1" falsecount="1"/>
      <line num="16" count="11" type="stmt"/>
      <line num="17" count="31" type="stmt"/>
      <line num="18" count="3" type="cond" truecount="1" falsecount="1"/>
      <line num="21" count="11" type="stmt"/>
      <line num="22" count="31" type="stmt"/>
      <line num="23" count="3" type="cond" truecount="1" falsecount="1"/>
      <line num="25" count="11" type="stmt"/>
      <line num="26" count="9" type="stmt"/>
      <line num="27" count="9" type="stmt"/>
      <line num="30" count="11" type="stmt"/>
      <line num="32" count="11" type="stmt"/>
      <line num="34" count="11" type="stmt"/>
      <line num="36" count="11" type="stmt"/>
      <line num="46" count="9" type="stmt"/>
      <line num="59" count="1" type="stmt"/>
      <line num="62" count="1" type="cond" truecount="1" falsecount="0"/>
      <line num="63" count="1" type="stmt"/>
      <line num="104" count="1" type="stmt"/>
      <line num="117" count="1" type="stmt"/>
      <line num="118" count="1" type="stmt"/>
      <line num="119" count="9" type="stmt"/>
      <line num="121" count="9" type="stmt"/>
      <line num="123" count="1" type="stmt"/>
      <line num="128" count="1" type="stmt"/>
      <line num="130" count="1" type="stmt"/>
      <line num="133" count="1" type="stmt"/>
      <line num="134" count="1" type="stmt"/>
      <line num="152" count="0" type="stmt"/>
    </file>
    <file name="Filter.tsx" path="C:\Users\Ander\visualisation-frontend\src\Components\Filter.tsx">
      <metrics statements="51" coveredstatements="48" conditionals="10" coveredconditionals="8" methods="12" coveredmethods="11"/>
      <line num="1" count="2" type="stmt"/>
      <line num="2" count="2" type="stmt"/>
      <line num="3" count="2" type="stmt"/>
      <line num="6" count="2" type="stmt"/>
      <line num="7" count="2" type="stmt"/>
      <line num="25" count="2" type="stmt"/>
      <line num="38" count="69" type="stmt"/>
      <line num="39" count="69" type="stmt"/>
      <line num="40" count="69" type="stmt"/>
      <line num="41" count="69" type="stmt"/>
      <line num="42" count="69" type="stmt"/>
      <line num="45" count="69" type="stmt"/>
      <line num="48" count="69" type="stmt"/>
      <line num="51" count="69" type="stmt"/>
      <line num="53" count="69" type="stmt"/>
      <line num="71" count="69" type="stmt"/>
      <line num="81" count="69" type="stmt"/>
      <line num="83" count="46" type="stmt"/>
      <line num="84" count="46" type="stmt"/>
      <line num="86" count="46" type="stmt"/>
      <line num="89" count="69" type="stmt"/>
      <line num="90" count="10" type="stmt"/>
      <line num="100" count="10" type="stmt"/>
      <line num="103" count="69" type="stmt"/>
      <line num="104" count="1" type="stmt"/>
      <line num="105" count="1" type="stmt"/>
      <line num="106" count="1" type="stmt"/>
      <line num="107" count="1" type="stmt"/>
      <line num="108" count="1" type="stmt"/>
      <line num="109" count="1" type="stmt"/>
      <line num="110" count="1" type="stmt"/>
      <line num="112" count="1" type="stmt"/>
      <line num="114" count="1" type="stmt"/>
      <line num="117" count="69" type="stmt"/>
      <line num="118" count="69" type="cond" truecount="1" falsecount="0"/>
      <line num="119" count="66" type="stmt"/>
      <line num="122" count="3" type="cond" truecount="1" falsecount="1"/>
      <line num="123" count="0" type="stmt"/>
      <line num="125" count="3" type="stmt"/>
      <line num="129" count="69" type="stmt"/>
      <line num="130" count="0" type="stmt"/>
      <line num="131" count="0" type="stmt"/>
      <line num="134" count="69" type="stmt"/>
      <line num="135" count="69" type="stmt"/>
      <line num="137" count="69" type="stmt"/>
      <line num="148" count="3" type="stmt"/>
      <line num="167" count="3" type="stmt"/>
      <line num="194" count="3" type="stmt"/>
      <line num="223" count="3" type="stmt"/>
      <line num="253" count="3" type="stmt"/>
      <line num="260" count="621" type="stmt"/>
    </file>
    <file name="FilterArrow.tsx" path="C:\Users\Ander\visualisation-frontend\src\Components\FilterArrow.tsx">
      <metrics statements="5" coveredstatements="5" conditionals="2" coveredconditionals="2" methods="1" coveredmethods="1"/>
      <line num="1" count="2" type="stmt"/>
      <line num="2" count="2" type="stmt"/>
      <line num="3" count="2" type="stmt"/>
      <line num="5" count="2" type="stmt"/>
      <line num="6" count="45" type="stmt"/>
    </file>
    <file name="SearchBar.tsx" path="C:\Users\Ander\visualisation-frontend\src\Components\SearchBar.tsx">
      <metrics statements="133" coveredstatements="113" conditionals="51" coveredconditionals="44" methods="38" coveredmethods="30"/>
      <line num="1" count="1" type="stmt"/>
      <line num="2" count="1" type="stmt"/>
      <line num="3" count="1" type="stmt"/>
      <line num="4" count="1" type="stmt"/>
      <line num="5" count="1" type="stmt"/>
      <line num="6" count="1" type="stmt"/>
      <line num="7" count="1" type="stmt"/>
      <line num="8" count="1" type="stmt"/>
      <line num="9" count="1" type="stmt"/>
      <line num="10" count="1" type="stmt"/>
      <line num="11" count="1" type="stmt"/>
      <line num="17" count="1" type="stmt"/>
      <line num="18" count="55" type="stmt"/>
      <line num="19" count="55" type="stmt"/>
      <line num="20" count="55" type="stmt"/>
      <line num="21" count="55" type="stmt"/>
      <line num="22" count="55" type="stmt"/>
      <line num="24" count="55" type="stmt"/>
      <line num="34" count="55" type="stmt"/>
      <line num="36" count="55" type="stmt"/>
      <line num="37" count="55" type="stmt"/>
      <line num="39" count="55" type="stmt"/>
      <line num="40" count="22" type="stmt"/>
      <line num="41" count="22" type="stmt"/>
      <line num="44" count="22" type="stmt"/>
      <line num="45" count="22" type="stmt"/>
      <line num="47" count="22" type="stmt"/>
      <line num="48" count="22" type="stmt"/>
      <line num="52" count="22" type="stmt"/>
      <line num="53" count="22" type="stmt"/>
      <line num="55" count="22" type="cond" truecount="1" falsecount="0"/>
      <line num="56" count="1" type="stmt"/>
      <line num="57" count="3" type="stmt"/>
      <line num="59" count="1" type="stmt"/>
      <line num="62" count="22" type="cond" truecount="1" falsecount="0"/>
      <line num="63" count="2" type="cond" truecount="2" falsecount="0"/>
      <line num="64" count="2" type="stmt"/>
      <line num="65" count="1" type="stmt"/>
      <line num="66" count="3" type="stmt"/>
      <line num="67" count="4" type="stmt"/>
      <line num="69" count="1" type="stmt"/>
      <line num="71" count="1" type="stmt"/>
      <line num="72" count="3" type="stmt"/>
      <line num="73" count="3" type="stmt"/>
      <line num="75" count="1" type="stmt"/>
      <line num="79" count="22" type="cond" truecount="1" falsecount="0"/>
      <line num="80" count="2" type="cond" truecount="2" falsecount="0"/>
      <line num="81" count="2" type="stmt"/>
      <line num="82" count="1" type="stmt"/>
      <line num="83" count="3" type="stmt"/>
      <line num="84" count="4" type="stmt"/>
      <line num="86" count="1" type="stmt"/>
      <line num="88" count="1" type="stmt"/>
      <line num="89" count="3" type="stmt"/>
      <line num="90" count="3" type="stmt"/>
      <line num="92" count="1" type="stmt"/>
      <line num="96" count="22" type="cond" truecount="1" falsecount="0"/>
      <line num="97" count="2" type="cond" truecount="2" falsecount="0"/>
      <line num="98" count="1" type="stmt"/>
      <line num="100" count="2" type="stmt"/>
      <line num="101" count="1" type="stmt"/>
      <line num="102" count="3" type="stmt"/>
      <line num="103" count="5" type="stmt"/>
      <line num="105" count="1" type="stmt"/>
      <line num="107" count="1" type="stmt"/>
      <line num="108" count="3" type="stmt"/>
      <line num="109" count="3" type="stmt"/>
      <line num="111" count="1" type="stmt"/>
      <line num="115" count="22" type="cond" truecount="1" falsecount="0"/>
      <line num="116" count="1" type="stmt"/>
      <line num="117" count="1" type="stmt"/>
      <line num="118" count="3" type="stmt"/>
      <line num="119" count="1" type="stmt"/>
      <line num="123" count="1" type="stmt"/>
      <line num="124" count="1" type="stmt"/>
      <line num="127" count="22" type="cond" truecount="0" falsecount="1"/>
      <line num="128" count="0" type="cond" truecount="0" falsecount="1"/>
      <line num="129" count="0" type="stmt"/>
      <line num="130" count="0" type="stmt"/>
      <line num="131" count="0" type="stmt"/>
      <line num="132" count="0" type="stmt"/>
      <line num="137" count="0" type="stmt"/>
      <line num="142" count="22" type="stmt"/>
      <line num="145" count="55" type="stmt"/>
      <line num="147" count="55" type="stmt"/>
      <line num="148" count="0" type="stmt"/>
      <line num="149" count="0" type="cond" truecount="0" falsecount="1"/>
      <line num="150" count="0" type="stmt"/>
      <line num="152" count="0" type="stmt"/>
      <line num="155" count="55" type="stmt"/>
      <line num="156" count="161" type="stmt"/>
      <line num="159" count="55" type="stmt"/>
      <line num="160" count="8" type="stmt"/>
      <line num="163" count="55" type="stmt"/>
      <line num="164" count="1" type="stmt"/>
      <line num="166" count="1" type="cond" truecount="1" falsecount="0"/>
      <line num="167" count="1" type="stmt"/>
      <line num="170" count="1" type="cond" truecount="3" falsecount="0"/>
      <line num="171" count="1" type="stmt"/>
      <line num="172" count="1" type="stmt"/>
      <line num="173" count="1" type="stmt"/>
      <line num="176" count="0" type="stmt"/>
      <line num="177" count="0" type="stmt"/>
      <line num="179" count="0" type="stmt"/>
      <line num="181" count="0" type="stmt"/>
      <line num="183" count="0" type="stmt"/>
      <line num="186" count="55" type="stmt"/>
      <line num="187" count="152" type="stmt"/>
      <line num="188" count="152" type="stmt"/>
      <line num="189" count="152" type="stmt"/>
      <line num="197" count="55" type="stmt"/>
      <line num="198" count="8" type="stmt"/>
      <line num="201" count="55" type="stmt"/>
      <line num="202" count="8" type="stmt"/>
      <line num="203" count="8" type="stmt"/>
      <line num="204" count="8" type="stmt"/>
      <line num="207" count="55" type="stmt"/>
      <line num="208" count="0" type="stmt"/>
      <line num="209" count="0" type="stmt"/>
      <line num="212" count="55" type="stmt"/>
      <line num="214" count="55" type="stmt"/>
      <line num="225" count="8" type="stmt"/>
      <line num="245" count="4" type="stmt"/>
      <line num="246" count="4" type="stmt"/>
      <line num="272" count="18" type="stmt"/>
      <line num="273" count="18" type="stmt"/>
      <line num="274" count="18" type="stmt"/>
      <line num="281" count="0" type="stmt"/>
      <line num="283" count="2" type="stmt"/>
      <line num="284" count="0" type="stmt"/>
      <line num="307" count="3" type="stmt"/>
      <line num="309" count="11" type="stmt"/>
      <line num="310" count="0" type="stmt"/>
    </file>
  </project>
</coverage>
