{"C:\\Users\\Ander\\visualisation-frontend\\src\\Components\\ChartSearch.tsx": {"path":"C:\\Users\\Ander\\visualisation-frontend\\src\\Components\\ChartSearch.tsx","statementMap":{"0":{"start":{"line":1,"column":0},"end":{"line":1,"column":62}},"1":{"start":{"line":2,"column":0},"end":{"line":2,"column":43}},"2":{"start":{"line":3,"column":0},"end":{"line":3,"column":36}},"3":{"start":{"line":4,"column":0},"end":{"line":4,"column":26}},"4":{"start":{"line":7,"column":0},"end":{"line":7,"column":44}},"5":{"start":{"line":14,"column":6},"end":{"line":14,"column":11}},"6":{"start":{"line":15,"column":2},"end":{"line":15,"column":13}},"7":{"start":{"line":18,"column":2},"end":{"line":53,"column":3}},"8":{"start":{"line":20,"column":22},"end":{"line":20,"column":70}},"9":{"start":{"line":22,"column":6},"end":{"line":23,"column":null}},"10":{"start":{"line":26,"column":6},"end":{"line":27,"column":null}},"11":{"start":{"line":31,"column":19},"end":{"line":31,"column":66}},"12":{"start":{"line":34,"column":19},"end":{"line":34,"column":46}},"13":{"start":{"line":37,"column":25},"end":{"line":37,"column":31}},"14":{"start":{"line":40,"column":4},"end":{"line":40,"column":54}},"15":{"start":{"line":41,"column":20},"end":{"line":41,"column":73}},"16":{"start":{"line":44,"column":4},"end":{"line":48,"column":5}},"17":{"start":{"line":45,"column":6},"end":{"line":45,"column":20}},"18":{"start":{"line":46,"column":6},"end":{"line":46,"column":56}},"19":{"start":{"line":47,"column":6},"end":{"line":47,"column":72}},"20":{"start":{"line":50,"column":4},"end":{"line":50,"column":31}},"21":{"start":{"line":51,"column":4},"end":{"line":51,"column":29}},"22":{"start":{"line":52,"column":4},"end":{"line":52,"column":78}},"23":{"start":{"line":54,"column":2},"end":{"line":54,"column":16}},"24":{"start":{"line":10,"column":0},"end":{"line":10,"column":16}},"25":{"start":{"line":57,"column":27},"end":{"line":130,"column":1}},"26":{"start":{"line":59,"column":25},"end":{"line":60,"column":null}},"27":{"start":{"line":60,"column":14},"end":{"line":60,"column":39}},"28":{"start":{"line":62,"column":26},"end":{"line":63,"column":null}},"29":{"start":{"line":63,"column":14},"end":{"line":63,"column":40}},"30":{"start":{"line":65,"column":27},"end":{"line":66,"column":null}},"31":{"start":{"line":66,"column":14},"end":{"line":66,"column":41}},"32":{"start":{"line":70,"column":15},"end":{"line":83,"column":4}},"33":{"start":{"line":86,"column":21},"end":{"line":89,"column":4}},"34":{"start":{"line":91,"column":18},"end":{"line":118,"column":4}},"35":{"start":{"line":120,"column":2},"end":{"line":129,"column":4}},"36":{"start":{"line":57,"column":13},"end":{"line":57,"column":27}}},"fnMap":{"0":{"name":"afterDraw","decl":{"start":{"line":10,"column":16},"end":{"line":10,"column":25}},"loc":{"start":{"line":10,"column":36},"end":{"line":55,"column":1}}},"1":{"name":"(anonymous_2)","decl":{"start":{"line":57,"column":27},"end":{"line":57,"column":28}},"loc":{"start":{"line":57,"column":75},"end":{"line":130,"column":1}}},"2":{"name":"(anonymous_3)","decl":{"start":{"line":60,"column":4},"end":{"line":60,"column":5}},"loc":{"start":{"line":60,"column":14},"end":{"line":60,"column":39}}},"3":{"name":"(anonymous_4)","decl":{"start":{"line":63,"column":4},"end":{"line":63,"column":5}},"loc":{"start":{"line":63,"column":14},"end":{"line":63,"column":40}}},"4":{"name":"(anonymous_5)","decl":{"start":{"line":66,"column":4},"end":{"line":66,"column":5}},"loc":{"start":{"line":66,"column":14},"end":{"line":66,"column":41}}}},"branchMap":{"0":{"loc":{"start":{"line":18,"column":2},"end":{"line":53,"column":3}},"type":"if","locations":[{"start":{"line":18,"column":2},"end":{"line":53,"column":3}}]},"1":{"loc":{"start":{"line":18,"column":6},"end":{"line":18,"column":47}},"type":"binary-expr","locations":[{"start":{"line":18,"column":6},"end":{"line":18,"column":19}},{"start":{"line":18,"column":23},"end":{"line":18,"column":47}}]}},"s":{"0":1,"1":1,"2":1,"3":1,"4":1,"5":1,"6":1,"7":1,"8":1,"9":1,"10":1,"11":1,"12":1,"13":1,"14":1,"15":1,"16":1,"17":0,"18":0,"19":0,"20":1,"21":1,"22":1,"23":1,"24":1,"25":1,"26":1,"27":3,"28":1,"29":3,"30":1,"31":3,"32":1,"33":1,"34":1,"35":1,"36":1},"f":{"0":1,"1":1,"2":3,"3":3,"4":3},"b":{"0":[1],"1":[1,1]}}
,"C:\\Users\\Ander\\visualisation-frontend\\src\\Components\\ComparisonWidget.tsx": {"path":"C:\\Users\\Ander\\visualisation-frontend\\src\\Components\\ComparisonWidget.tsx","statementMap":{"0":{"start":{"line":1,"column":0},"end":{"line":1,"column":33}},"1":{"start":{"line":2,"column":0},"end":{"line":2,"column":41}},"2":{"start":{"line":3,"column":0},"end":{"line":3,"column":58}},"3":{"start":{"line":4,"column":0},"end":{"line":4,"column":41}},"4":{"start":{"line":5,"column":0},"end":{"line":5,"column":65}},"5":{"start":{"line":6,"column":0},"end":{"line":6,"column":60}},"6":{"start":{"line":7,"column":0},"end":{"line":7,"column":26}},"7":{"start":{"line":9,"column":32},"end":{"line":162,"column":1}},"8":{"start":{"line":11,"column":22},"end":{"line":12,"column":null}},"9":{"start":{"line":12,"column":4},"end":{"line":12,"column":69}},"10":{"start":{"line":16,"column":25},"end":{"line":18,"column":66}},"11":{"start":{"line":17,"column":21},"end":{"line":17,"column":44}},"12":{"start":{"line":18,"column":18},"end":{"line":18,"column":65}},"13":{"start":{"line":21,"column":26},"end":{"line":23,"column":66}},"14":{"start":{"line":22,"column":21},"end":{"line":22,"column":45}},"15":{"start":{"line":23,"column":18},"end":{"line":23,"column":65}},"16":{"start":{"line":25,"column":44},"end":{"line":28,"column":4}},"17":{"start":{"line":26,"column":24},"end":{"line":26,"column":51}},"18":{"start":{"line":27,"column":4},"end":{"line":27,"column":23}},"19":{"start":{"line":30,"column":54},"end":{"line":30,"column":66}},"20":{"start":{"line":32,"column":31},"end":{"line":32,"column":42}},"21":{"start":{"line":34,"column":19},"end":{"line":34,"column":32}},"22":{"start":{"line":36,"column":2},"end":{"line":161,"column":4}},"23":{"start":{"line":46,"column":10},"end":{"line":143,"column":null}},"24":{"start":{"line":59,"column":43},"end":{"line":60,"column":null}},"25":{"start":{"line":62,"column":22},"end":{"line":64,"column":23}},"26":{"start":{"line":63,"column":24},"end":{"line":63,"column":69}},"27":{"start":{"line":104,"column":41},"end":{"line":114,"column":22}},"28":{"start":{"line":117,"column":22},"end":{"line":117,"column":24}},"29":{"start":{"line":118,"column":20},"end":{"line":122,"column":23}},"30":{"start":{"line":119,"column":22},"end":{"line":120,"column":60}},"31":{"start":{"line":121,"column":22},"end":{"line":121,"column":61}},"32":{"start":{"line":123,"column":20},"end":{"line":126,"column":23}},"33":{"start":{"line":128,"column":20},"end":{"line":132,"column":22}},"34":{"start":{"line":130,"column":42},"end":{"line":130,"column":62}},"35":{"start":{"line":133,"column":20},"end":{"line":133,"column":47}},"36":{"start":{"line":134,"column":20},"end":{"line":134,"column":54}},"37":{"start":{"line":152,"column":12},"end":{"line":154,"column":14}},"38":{"start":{"line":9,"column":13},"end":{"line":9,"column":32}}},"fnMap":{"0":{"name":"(anonymous_1)","decl":{"start":{"line":9,"column":32},"end":{"line":9,"column":35}},"loc":{"start":{"line":9,"column":37},"end":{"line":162,"column":1}}},"1":{"name":"(anonymous_2)","decl":{"start":{"line":11,"column":57},"end":{"line":11,"column":58}},"loc":{"start":{"line":12,"column":4},"end":{"line":12,"column":69}}},"2":{"name":"(anonymous_3)","decl":{"start":{"line":17,"column":12},"end":{"line":17,"column":13}},"loc":{"start":{"line":17,"column":21},"end":{"line":17,"column":44}}},"3":{"name":"(anonymous_4)","decl":{"start":{"line":18,"column":9},"end":{"line":18,"column":10}},"loc":{"start":{"line":18,"column":18},"end":{"line":18,"column":65}}},"4":{"name":"(anonymous_5)","decl":{"start":{"line":22,"column":12},"end":{"line":22,"column":13}},"loc":{"start":{"line":22,"column":21},"end":{"line":22,"column":45}}},"5":{"name":"(anonymous_6)","decl":{"start":{"line":23,"column":9},"end":{"line":23,"column":10}},"loc":{"start":{"line":23,"column":18},"end":{"line":23,"column":65}}},"6":{"name":"(anonymous_7)","decl":{"start":{"line":25,"column":53},"end":{"line":25,"column":56}},"loc":{"start":{"line":25,"column":58},"end":{"line":28,"column":3}}},"7":{"name":"(anonymous_8)","decl":{"start":{"line":45,"column":27},"end":{"line":45,"column":28}},"loc":{"start":{"line":46,"column":10},"end":{"line":143,"column":null}}},"8":{"name":"(anonymous_9)","decl":{"start":{"line":58,"column":29},"end":{"line":58,"column":32}},"loc":{"start":{"line":58,"column":34},"end":{"line":65,"column":21}}},"9":{"name":"(anonymous_10)","decl":{"start":{"line":103,"column":27},"end":{"line":103,"column":30}},"loc":{"start":{"line":103,"column":32},"end":{"line":135,"column":19}}},"10":{"name":"(anonymous_11)","decl":{"start":{"line":118,"column":41},"end":{"line":118,"column":42}},"loc":{"start":{"line":118,"column":57},"end":{"line":122,"column":21}}},"11":{"name":"(anonymous_12)","decl":{"start":{"line":130,"column":24},"end":{"line":130,"column":25}},"loc":{"start":{"line":130,"column":42},"end":{"line":130,"column":62}}},"12":{"name":"(anonymous_13)","decl":{"start":{"line":151,"column":19},"end":{"line":151,"column":22}},"loc":{"start":{"line":152,"column":12},"end":{"line":154,"column":14}}}},"branchMap":{"0":{"loc":{"start":{"line":12,"column":5},"end":{"line":12,"column":38}},"type":"binary-expr","locations":[{"start":{"line":12,"column":5},"end":{"line":12,"column":32}},{"start":{"line":12,"column":36},"end":{"line":12,"column":38}}]},"1":{"loc":{"start":{"line":18,"column":29},"end":{"line":18,"column":64}},"type":"binary-expr","locations":[{"start":{"line":18,"column":29},"end":{"line":18,"column":56}},{"start":{"line":18,"column":60},"end":{"line":18,"column":64}}]},"2":{"loc":{"start":{"line":23,"column":29},"end":{"line":23,"column":64}},"type":"binary-expr","locations":[{"start":{"line":23,"column":29},"end":{"line":23,"column":56}},{"start":{"line":23,"column":60},"end":{"line":23,"column":64}}]},"3":{"loc":{"start":{"line":40,"column":9},"end":{"line":43,"column":null}},"type":"binary-expr","locations":[{"start":{"line":40,"column":9},"end":{"line":40,"column":34}},{"start":{"line":41,"column":10},"end":{"line":42,"column":null}}]},"4":{"loc":{"start":{"line":50,"column":19},"end":{"line":50,"column":59}},"type":"binary-expr","locations":[{"start":{"line":50,"column":19},"end":{"line":50,"column":46}},{"start":{"line":50,"column":50},"end":{"line":50,"column":59}}]},"5":{"loc":{"start":{"line":62,"column":22},"end":{"line":64,"column":23}},"type":"if","locations":[{"start":{"line":62,"column":22},"end":{"line":64,"column":23}}]},"6":{"loc":{"start":{"line":80,"column":23},"end":{"line":82,"column":67}},"type":"cond-expr","locations":[{"start":{"line":81,"column":26},"end":{"line":81,"column":35}},{"start":{"line":82,"column":26},"end":{"line":82,"column":67}}]}},"s":{"0":1,"1":1,"2":1,"3":1,"4":1,"5":1,"6":1,"7":1,"8":11,"9":31,"10":11,"11":31,"12":3,"13":11,"14":31,"15":3,"16":11,"17":9,"18":9,"19":11,"20":11,"21":11,"22":11,"23":9,"24":1,"25":1,"26":1,"27":1,"28":1,"29":1,"30":9,"31":9,"32":1,"33":1,"34":1,"35":1,"36":1,"37":0,"38":1},"f":{"0":11,"1":31,"2":31,"3":3,"4":31,"5":3,"6":9,"7":9,"8":1,"9":1,"10":9,"11":1,"12":0},"b":{"0":[31,0],"1":[3,0],"2":[3,0],"3":[11,5],"4":[9,0],"5":[1],"6":[0,9]}}
,"C:\\Users\\Ander\\visualisation-frontend\\src\\Components\\Filter.tsx": {"path":"C:\\Users\\Ander\\visualisation-frontend\\src\\Components\\Filter.tsx","statementMap":{"0":{"start":{"line":1,"column":0},"end":{"line":1,"column":41}},"1":{"start":{"line":2,"column":0},"end":{"line":2,"column":31}},"2":{"start":{"line":3,"column":0},"end":{"line":3,"column":44}},"3":{"start":{"line":6,"column":0},"end":{"line":6,"column":34}},"4":{"start":{"line":7,"column":0},"end":{"line":7,"column":26}},"5":{"start":{"line":25,"column":22},"end":{"line":312,"column":1}},"6":{"start":{"line":38,"column":46},"end":{"line":38,"column":73}},"7":{"start":{"line":39,"column":48},"end":{"line":39,"column":76}},"8":{"start":{"line":40,"column":48},"end":{"line":40,"column":76}},"9":{"start":{"line":41,"column":48},"end":{"line":41,"column":76}},"10":{"start":{"line":42,"column":62},"end":{"line":43,"column":null}},"11":{"start":{"line":45,"column":52},"end":{"line":46,"column":null}},"12":{"start":{"line":48,"column":58},"end":{"line":49,"column":null}},"13":{"start":{"line":51,"column":40},"end":{"line":51,"column":54}},"14":{"start":{"line":53,"column":19},"end":{"line":69,"column":4}},"15":{"start":{"line":71,"column":40},"end":{"line":79,"column":4}},"16":{"start":{"line":81,"column":2},"end":{"line":87,"column":38}},"17":{"start":{"line":83,"column":6},"end":{"line":83,"column":70}},"18":{"start":{"line":84,"column":4},"end":{"line":84,"column":36}},"19":{"start":{"line":86,"column":4},"end":{"line":86,"column":66}},"20":{"start":{"line":89,"column":22},"end":{"line":101,"column":3}},"21":{"start":{"line":90,"column":35},"end":{"line":98,"column":6}},"22":{"start":{"line":100,"column":4},"end":{"line":100,"column":29}},"23":{"start":{"line":103,"column":23},"end":{"line":115,"column":3}},"24":{"start":{"line":104,"column":4},"end":{"line":104,"column":26}},"25":{"start":{"line":105,"column":4},"end":{"line":105,"column":27}},"26":{"start":{"line":106,"column":4},"end":{"line":106,"column":27}},"27":{"start":{"line":107,"column":4},"end":{"line":107,"column":27}},"28":{"start":{"line":108,"column":4},"end":{"line":108,"column":34}},"29":{"start":{"line":109,"column":4},"end":{"line":109,"column":33}},"30":{"start":{"line":110,"column":4},"end":{"line":110,"column":35}},"31":{"start":{"line":112,"column":4},"end":{"line":112,"column":42}},"32":{"start":{"line":114,"column":4},"end":{"line":114,"column":28}},"33":{"start":{"line":117,"column":31},"end":{"line":127,"column":3}},"34":{"start":{"line":118,"column":4},"end":{"line":120,"column":5}},"35":{"start":{"line":119,"column":6},"end":{"line":119,"column":13}},"36":{"start":{"line":122,"column":4},"end":{"line":126,"column":5}},"37":{"start":{"line":123,"column":6},"end":{"line":123,"column":34}},"38":{"start":{"line":125,"column":6},"end":{"line":125,"column":66}},"39":{"start":{"line":129,"column":37},"end":{"line":132,"column":3}},"40":{"start":{"line":130,"column":4},"end":{"line":130,"column":36}},"41":{"start":{"line":131,"column":4},"end":{"line":131,"column":34}},"42":{"start":{"line":134,"column":2},"end":{"line":134,"column":55}},"43":{"start":{"line":135,"column":2},"end":{"line":135,"column":63}},"44":{"start":{"line":137,"column":2},"end":{"line":311,"column":4}},"45":{"start":{"line":148,"column":33},"end":{"line":148,"column":66}},"46":{"start":{"line":167,"column":33},"end":{"line":167,"column":67}},"47":{"start":{"line":194,"column":33},"end":{"line":194,"column":67}},"48":{"start":{"line":223,"column":33},"end":{"line":223,"column":74}},"49":{"start":{"line":253,"column":33},"end":{"line":253,"column":67}},"50":{"start":{"line":260,"column":18},"end":{"line":264,"column":null}},"51":{"start":{"line":25,"column":13},"end":{"line":25,"column":22}}},"fnMap":{"0":{"name":"(anonymous_1)","decl":{"start":{"line":25,"column":22},"end":{"line":25,"column":23}},"loc":{"start":{"line":37,"column":23},"end":{"line":312,"column":1}}},"1":{"name":"(anonymous_2)","decl":{"start":{"line":81,"column":12},"end":{"line":81,"column":15}},"loc":{"start":{"line":81,"column":17},"end":{"line":87,"column":3}}},"2":{"name":"(anonymous_3)","decl":{"start":{"line":89,"column":22},"end":{"line":89,"column":25}},"loc":{"start":{"line":89,"column":27},"end":{"line":101,"column":3}}},"3":{"name":"(anonymous_4)","decl":{"start":{"line":103,"column":23},"end":{"line":103,"column":26}},"loc":{"start":{"line":103,"column":28},"end":{"line":115,"column":3}}},"4":{"name":"(anonymous_5)","decl":{"start":{"line":117,"column":31},"end":{"line":117,"column":34}},"loc":{"start":{"line":117,"column":36},"end":{"line":127,"column":3}}},"5":{"name":"(anonymous_6)","decl":{"start":{"line":129,"column":37},"end":{"line":129,"column":38}},"loc":{"start":{"line":129,"column":61},"end":{"line":132,"column":3}}},"6":{"name":"(anonymous_7)","decl":{"start":{"line":148,"column":26},"end":{"line":148,"column":27}},"loc":{"start":{"line":148,"column":33},"end":{"line":148,"column":66}}},"7":{"name":"(anonymous_8)","decl":{"start":{"line":167,"column":26},"end":{"line":167,"column":27}},"loc":{"start":{"line":167,"column":33},"end":{"line":167,"column":67}}},"8":{"name":"(anonymous_9)","decl":{"start":{"line":194,"column":26},"end":{"line":194,"column":27}},"loc":{"start":{"line":194,"column":33},"end":{"line":194,"column":67}}},"9":{"name":"(anonymous_10)","decl":{"start":{"line":223,"column":26},"end":{"line":223,"column":27}},"loc":{"start":{"line":223,"column":33},"end":{"line":223,"column":74}}},"10":{"name":"(anonymous_11)","decl":{"start":{"line":253,"column":26},"end":{"line":253,"column":27}},"loc":{"start":{"line":253,"column":33},"end":{"line":253,"column":67}}},"11":{"name":"(anonymous_12)","decl":{"start":{"line":259,"column":30},"end":{"line":259,"column":31}},"loc":{"start":{"line":260,"column":18},"end":{"line":264,"column":null}}}},"branchMap":{"0":{"loc":{"start":{"line":28,"column":2},"end":{"line":36,"column":null}},"type":"default-arg","locations":[{"start":{"line":28,"column":15},"end":{"line":36,"column":null}}]},"1":{"loc":{"start":{"line":118,"column":4},"end":{"line":120,"column":5}},"type":"if","locations":[{"start":{"line":118,"column":4},"end":{"line":120,"column":5}}]},"2":{"loc":{"start":{"line":122,"column":4},"end":{"line":126,"column":5}},"type":"if","locations":[{"start":{"line":122,"column":4},"end":{"line":126,"column":5}},{"start":{"line":124,"column":11},"end":{"line":126,"column":5}}]},"3":{"loc":{"start":{"line":296,"column":12},"end":{"line":301,"column":33}},"type":"binary-expr","locations":[{"start":{"line":296,"column":12},"end":{"line":296,"column":27}},{"start":{"line":297,"column":12},"end":{"line":297,"column":28}},{"start":{"line":298,"column":12},"end":{"line":298,"column":28}},{"start":{"line":299,"column":12},"end":{"line":299,"column":28}},{"start":{"line":300,"column":12},"end":{"line":300,"column":35}},{"start":{"line":301,"column":12},"end":{"line":301,"column":33}}]}},"s":{"0":2,"1":2,"2":2,"3":2,"4":2,"5":2,"6":69,"7":69,"8":69,"9":69,"10":69,"11":69,"12":69,"13":69,"14":69,"15":69,"16":69,"17":46,"18":46,"19":46,"20":69,"21":10,"22":10,"23":69,"24":1,"25":1,"26":1,"27":1,"28":1,"29":1,"30":1,"31":1,"32":1,"33":69,"34":69,"35":66,"36":3,"37":0,"38":3,"39":69,"40":0,"41":0,"42":69,"43":69,"44":69,"45":3,"46":3,"47":3,"48":3,"49":3,"50":621,"51":2},"f":{"0":69,"1":46,"2":10,"3":1,"4":69,"5":0,"6":3,"7":3,"8":3,"9":3,"10":3,"11":621},"b":{"0":[0],"1":[66],"2":[0,3],"3":[69,57,52,40,28,16]}}
,"C:\\Users\\Ander\\visualisation-frontend\\src\\Components\\FilterArrow.tsx": {"path":"C:\\Users\\Ander\\visualisation-frontend\\src\\Components\\FilterArrow.tsx","statementMap":{"0":{"start":{"line":1,"column":0},"end":{"line":1,"column":46}},"1":{"start":{"line":2,"column":0},"end":{"line":2,"column":34}},"2":{"start":{"line":3,"column":0},"end":{"line":3,"column":26}},"3":{"start":{"line":5,"column":27},"end":{"line":20,"column":1}},"4":{"start":{"line":6,"column":2},"end":{"line":19,"column":4}},"5":{"start":{"line":5,"column":13},"end":{"line":5,"column":27}}},"fnMap":{"0":{"name":"(anonymous_1)","decl":{"start":{"line":5,"column":27},"end":{"line":5,"column":28}},"loc":{"start":{"line":5,"column":63},"end":{"line":20,"column":1}}}},"branchMap":{"0":{"loc":{"start":{"line":13,"column":31},"end":{"line":13,"column":56}},"type":"cond-expr","locations":[{"start":{"line":13,"column":40},"end":{"line":13,"column":47}},{"start":{"line":13,"column":50},"end":{"line":13,"column":56}}]}},"s":{"0":2,"1":2,"2":2,"3":2,"4":45,"5":2},"f":{"0":45},"b":{"0":[25,20]}}
,"C:\\Users\\Ander\\visualisation-frontend\\src\\Components\\SearchBar.tsx": {"path":"C:\\Users\\Ander\\visualisation-frontend\\src\\Components\\SearchBar.tsx","statementMap":{"0":{"start":{"line":1,"column":0},"end":{"line":1,"column":44}},"1":{"start":{"line":2,"column":0},"end":{"line":2,"column":65}},"2":{"start":{"line":3,"column":0},"end":{"line":3,"column":61}},"3":{"start":{"line":4,"column":0},"end":{"line":4,"column":34}},"4":{"start":{"line":5,"column":0},"end":{"line":5,"column":31}},"5":{"start":{"line":6,"column":0},"end":{"line":6,"column":41}},"6":{"start":{"line":7,"column":0},"end":{"line":7,"column":56}},"7":{"start":{"line":8,"column":0},"end":{"line":8,"column":46}},"8":{"start":{"line":9,"column":0},"end":{"line":9,"column":47}},"9":{"start":{"line":10,"column":0},"end":{"line":10,"column":31}},"10":{"start":{"line":11,"column":0},"end":{"line":11,"column":26}},"11":{"start":{"line":17,"column":25},"end":{"line":328,"column":1}},"12":{"start":{"line":18,"column":28},"end":{"line":18,"column":40}},"13":{"start":{"line":19,"column":38},"end":{"line":19,"column":70}},"14":{"start":{"line":20,"column":48},"end":{"line":20,"column":63}},"15":{"start":{"line":21,"column":40},"end":{"line":21,"column":54}},"16":{"start":{"line":22,"column":44},"end":{"line":22,"column":58}},"17":{"start":{"line":24,"column":40},"end":{"line":32,"column":4}},"18":{"start":{"line":34,"column":28},"end":{"line":34,"column":67}},"19":{"start":{"line":36,"column":2},"end":{"line":36,"column":68}},"20":{"start":{"line":37,"column":2},"end":{"line":37,"column":80}},"21":{"start":{"line":39,"column":2},"end":{"line":143,"column":28}},"22":{"start":{"line":40,"column":30},"end":{"line":40,"column":41}},"23":{"start":{"line":41,"column":4},"end":{"line":41,"column":39}},"24":{"start":{"line":44,"column":6},"end":{"line":44,"column":66}},"25":{"start":{"line":45,"column":4},"end":{"line":45,"column":36}},"26":{"start":{"line":47,"column":4},"end":{"line":47,"column":69}},"27":{"start":{"line":48,"column":4},"end":{"line":50,"column":6}},"28":{"start":{"line":52,"column":26},"end":{"line":140,"column":5}},"29":{"start":{"line":53,"column":6},"end":{"line":53,"column":38}},"30":{"start":{"line":55,"column":6},"end":{"line":60,"column":7}},"31":{"start":{"line":56,"column":8},"end":{"line":58,"column":10}},"32":{"start":{"line":57,"column":20},"end":{"line":57,"column":48}},"33":{"start":{"line":59,"column":8},"end":{"line":59,"column":43}},"34":{"start":{"line":62,"column":6},"end":{"line":77,"column":7}},"35":{"start":{"line":63,"column":8},"end":{"line":76,"column":9}},"36":{"start":{"line":64,"column":24},"end":{"line":64,"column":79}},"37":{"start":{"line":64,"column":66},"end":{"line":64,"column":78}},"38":{"start":{"line":65,"column":10},"end":{"line":68,"column":13}},"39":{"start":{"line":66,"column":26},"end":{"line":66,"column":49}},"40":{"start":{"line":67,"column":12},"end":{"line":67,"column":71}},"41":{"start":{"line":67,"column":42},"end":{"line":67,"column":69}},"42":{"start":{"line":69,"column":10},"end":{"line":69,"column":45}},"43":{"start":{"line":71,"column":10},"end":{"line":74,"column":13}},"44":{"start":{"line":72,"column":26},"end":{"line":72,"column":49}},"45":{"start":{"line":73,"column":12},"end":{"line":73,"column":56}},"46":{"start":{"line":75,"column":10},"end":{"line":75,"column":45}},"47":{"start":{"line":79,"column":6},"end":{"line":94,"column":7}},"48":{"start":{"line":80,"column":8},"end":{"line":93,"column":9}},"49":{"start":{"line":81,"column":24},"end":{"line":81,"column":79}},"50":{"start":{"line":81,"column":66},"end":{"line":81,"column":78}},"51":{"start":{"line":82,"column":10},"end":{"line":85,"column":13}},"52":{"start":{"line":83,"column":26},"end":{"line":83,"column":49}},"53":{"start":{"line":84,"column":12},"end":{"line":84,"column":71}},"54":{"start":{"line":84,"column":42},"end":{"line":84,"column":69}},"55":{"start":{"line":86,"column":10},"end":{"line":86,"column":45}},"56":{"start":{"line":88,"column":10},"end":{"line":91,"column":13}},"57":{"start":{"line":89,"column":26},"end":{"line":89,"column":49}},"58":{"start":{"line":90,"column":12},"end":{"line":90,"column":56}},"59":{"start":{"line":92,"column":10},"end":{"line":92,"column":45}},"60":{"start":{"line":96,"column":6},"end":{"line":113,"column":7}},"61":{"start":{"line":97,"column":8},"end":{"line":112,"column":9}},"62":{"start":{"line":98,"column":24},"end":{"line":100,"column":41}},"63":{"start":{"line":100,"column":28},"end":{"line":100,"column":40}},"64":{"start":{"line":101,"column":10},"end":{"line":104,"column":13}},"65":{"start":{"line":102,"column":33},"end":{"line":102,"column":62}},"66":{"start":{"line":103,"column":12},"end":{"line":103,"column":78}},"67":{"start":{"line":103,"column":42},"end":{"line":103,"column":76}},"68":{"start":{"line":105,"column":10},"end":{"line":105,"column":45}},"69":{"start":{"line":107,"column":10},"end":{"line":110,"column":13}},"70":{"start":{"line":108,"column":33},"end":{"line":108,"column":62}},"71":{"start":{"line":109,"column":12},"end":{"line":109,"column":70}},"72":{"start":{"line":111,"column":10},"end":{"line":111,"column":45}},"73":{"start":{"line":115,"column":6},"end":{"line":125,"column":7}},"74":{"start":{"line":116,"column":8},"end":{"line":116,"column":50}},"75":{"start":{"line":117,"column":8},"end":{"line":121,"column":10}},"76":{"start":{"line":118,"column":10},"end":{"line":119,"column":null}},"77":{"start":{"line":119,"column":25},"end":{"line":119,"column":67}},"78":{"start":{"line":123,"column":8},"end":{"line":123,"column":59}},"79":{"start":{"line":124,"column":8},"end":{"line":124,"column":43}},"80":{"start":{"line":127,"column":6},"end":{"line":139,"column":7}},"81":{"start":{"line":128,"column":8},"end":{"line":138,"column":9}},"82":{"start":{"line":129,"column":39},"end":{"line":129,"column":77}},"83":{"start":{"line":129,"column":71},"end":{"line":129,"column":76}},"84":{"start":{"line":130,"column":10},"end":{"line":136,"column":13}},"85":{"start":{"line":131,"column":31},"end":{"line":131,"column":53}},"86":{"start":{"line":132,"column":12},"end":{"line":135,"column":14}},"87":{"start":{"line":137,"column":10},"end":{"line":137,"column":45}},"88":{"start":{"line":142,"column":4},"end":{"line":142,"column":20}},"89":{"start":{"line":145,"column":19},"end":{"line":145,"column":32}},"90":{"start":{"line":147,"column":19},"end":{"line":153,"column":3}},"91":{"start":{"line":148,"column":4},"end":{"line":148,"column":25}},"92":{"start":{"line":149,"column":4},"end":{"line":151,"column":5}},"93":{"start":{"line":150,"column":6},"end":{"line":150,"column":26}},"94":{"start":{"line":152,"column":4},"end":{"line":152,"column":39}},"95":{"start":{"line":155,"column":22},"end":{"line":156,"column":null}},"96":{"start":{"line":156,"column":16},"end":{"line":156,"column":80}},"97":{"start":{"line":159,"column":28},"end":{"line":161,"column":3}},"98":{"start":{"line":160,"column":4},"end":{"line":160,"column":41}},"99":{"start":{"line":163,"column":26},"end":{"line":184,"column":3}},"100":{"start":{"line":164,"column":25},"end":{"line":164,"column":51}},"101":{"start":{"line":166,"column":4},"end":{"line":168,"column":5}},"102":{"start":{"line":167,"column":6},"end":{"line":167,"column":29}},"103":{"start":{"line":170,"column":4},"end":{"line":174,"column":5}},"104":{"start":{"line":171,"column":6},"end":{"line":171,"column":19}},"105":{"start":{"line":172,"column":6},"end":{"line":172,"column":30}},"106":{"start":{"line":173,"column":6},"end":{"line":173,"column":13}},"107":{"start":{"line":176,"column":27},"end":{"line":177,"column":null}},"108":{"start":{"line":177,"column":19},"end":{"line":177,"column":70}},"109":{"start":{"line":179,"column":29},"end":{"line":179,"column":55}},"110":{"start":{"line":181,"column":4},"end":{"line":181,"column":34}},"111":{"start":{"line":183,"column":4},"end":{"line":183,"column":53}},"112":{"start":{"line":186,"column":31},"end":{"line":195,"column":11}},"113":{"start":{"line":187,"column":23},"end":{"line":187,"column":42}},"114":{"start":{"line":188,"column":24},"end":{"line":188,"column":55}},"115":{"start":{"line":189,"column":4},"end":{"line":194,"column":6}},"116":{"start":{"line":197,"column":21},"end":{"line":199,"column":3}},"117":{"start":{"line":198,"column":4},"end":{"line":198,"column":17}},"118":{"start":{"line":201,"column":23},"end":{"line":205,"column":3}},"119":{"start":{"line":202,"column":4},"end":{"line":202,"column":26}},"120":{"start":{"line":203,"column":4},"end":{"line":203,"column":17}},"121":{"start":{"line":204,"column":4},"end":{"line":204,"column":57}},"122":{"start":{"line":207,"column":29},"end":{"line":210,"column":3}},"123":{"start":{"line":208,"column":4},"end":{"line":208,"column":26}},"124":{"start":{"line":209,"column":4},"end":{"line":209,"column":57}},"125":{"start":{"line":212,"column":2},"end":{"line":212,"column":22}},"126":{"start":{"line":214,"column":2},"end":{"line":327,"column":4}},"127":{"start":{"line":225,"column":12},"end":{"line":225,"column":32}},"128":{"start":{"line":245,"column":12},"end":{"line":245,"column":37}},"129":{"start":{"line":246,"column":12},"end":{"line":246,"column":35}},"130":{"start":{"line":272,"column":37},"end":{"line":272,"column":56}},"131":{"start":{"line":273,"column":38},"end":{"line":273,"column":69}},"132":{"start":{"line":274,"column":18},"end":{"line":279,"column":20}},"133":{"start":{"line":281,"column":32},"end":{"line":281,"column":76}},"134":{"start":{"line":283,"column":18},"end":{"line":289,"column":null}},"135":{"start":{"line":284,"column":35},"end":{"line":284,"column":62}},"136":{"start":{"line":307,"column":32},"end":{"line":307,"column":76}},"137":{"start":{"line":309,"column":18},"end":{"line":315,"column":null}},"138":{"start":{"line":310,"column":35},"end":{"line":310,"column":62}},"139":{"start":{"line":17,"column":13},"end":{"line":17,"column":25}}},"fnMap":{"0":{"name":"(anonymous_7)","decl":{"start":{"line":17,"column":25},"end":{"line":17,"column":26}},"loc":{"start":{"line":17,"column":61},"end":{"line":328,"column":1}}},"1":{"name":"(anonymous_8)","decl":{"start":{"line":39,"column":12},"end":{"line":39,"column":15}},"loc":{"start":{"line":39,"column":17},"end":{"line":143,"column":3}}},"2":{"name":"(anonymous_9)","decl":{"start":{"line":52,"column":26},"end":{"line":52,"column":29}},"loc":{"start":{"line":52,"column":31},"end":{"line":140,"column":5}}},"3":{"name":"(anonymous_10)","decl":{"start":{"line":57,"column":10},"end":{"line":57,"column":11}},"loc":{"start":{"line":57,"column":20},"end":{"line":57,"column":48}}},"4":{"name":"(anonymous_11)","decl":{"start":{"line":64,"column":55},"end":{"line":64,"column":56}},"loc":{"start":{"line":64,"column":66},"end":{"line":64,"column":78}}},"5":{"name":"(anonymous_12)","decl":{"start":{"line":65,"column":59},"end":{"line":65,"column":60}},"loc":{"start":{"line":65,"column":68},"end":{"line":68,"column":11}}},"6":{"name":"(anonymous_13)","decl":{"start":{"line":67,"column":31},"end":{"line":67,"column":32}},"loc":{"start":{"line":67,"column":42},"end":{"line":67,"column":69}}},"7":{"name":"(anonymous_14)","decl":{"start":{"line":71,"column":59},"end":{"line":71,"column":60}},"loc":{"start":{"line":71,"column":68},"end":{"line":74,"column":11}}},"8":{"name":"(anonymous_15)","decl":{"start":{"line":81,"column":55},"end":{"line":81,"column":56}},"loc":{"start":{"line":81,"column":66},"end":{"line":81,"column":78}}},"9":{"name":"(anonymous_16)","decl":{"start":{"line":82,"column":59},"end":{"line":82,"column":60}},"loc":{"start":{"line":82,"column":68},"end":{"line":85,"column":11}}},"10":{"name":"(anonymous_17)","decl":{"start":{"line":84,"column":31},"end":{"line":84,"column":32}},"loc":{"start":{"line":84,"column":42},"end":{"line":84,"column":69}}},"11":{"name":"(anonymous_18)","decl":{"start":{"line":88,"column":59},"end":{"line":88,"column":60}},"loc":{"start":{"line":88,"column":68},"end":{"line":91,"column":11}}},"12":{"name":"(anonymous_19)","decl":{"start":{"line":100,"column":17},"end":{"line":100,"column":18}},"loc":{"start":{"line":100,"column":28},"end":{"line":100,"column":40}}},"13":{"name":"(anonymous_20)","decl":{"start":{"line":101,"column":59},"end":{"line":101,"column":60}},"loc":{"start":{"line":101,"column":68},"end":{"line":104,"column":11}}},"14":{"name":"(anonymous_21)","decl":{"start":{"line":103,"column":31},"end":{"line":103,"column":32}},"loc":{"start":{"line":103,"column":42},"end":{"line":103,"column":76}}},"15":{"name":"(anonymous_22)","decl":{"start":{"line":107,"column":59},"end":{"line":107,"column":60}},"loc":{"start":{"line":107,"column":68},"end":{"line":110,"column":11}}},"16":{"name":"(anonymous_23)","decl":{"start":{"line":117,"column":57},"end":{"line":117,"column":58}},"loc":{"start":{"line":118,"column":10},"end":{"line":119,"column":null}}},"17":{"name":"(anonymous_24)","decl":{"start":{"line":119,"column":12},"end":{"line":119,"column":13}},"loc":{"start":{"line":119,"column":25},"end":{"line":119,"column":67}}},"18":{"name":"(anonymous_25)","decl":{"start":{"line":129,"column":60},"end":{"line":129,"column":61}},"loc":{"start":{"line":129,"column":71},"end":{"line":129,"column":76}}},"19":{"name":"(anonymous_26)","decl":{"start":{"line":130,"column":59},"end":{"line":130,"column":60}},"loc":{"start":{"line":130,"column":68},"end":{"line":136,"column":11}}},"20":{"name":"(anonymous_27)","decl":{"start":{"line":147,"column":19},"end":{"line":147,"column":20}},"loc":{"start":{"line":147,"column":42},"end":{"line":153,"column":3}}},"21":{"name":"(anonymous_28)","decl":{"start":{"line":156,"column":4},"end":{"line":156,"column":5}},"loc":{"start":{"line":156,"column":16},"end":{"line":156,"column":80}}},"22":{"name":"(anonymous_29)","decl":{"start":{"line":159,"column":28},"end":{"line":159,"column":31}},"loc":{"start":{"line":159,"column":33},"end":{"line":161,"column":3}}},"23":{"name":"(anonymous_30)","decl":{"start":{"line":163,"column":26},"end":{"line":163,"column":29}},"loc":{"start":{"line":163,"column":31},"end":{"line":184,"column":3}}},"24":{"name":"(anonymous_31)","decl":{"start":{"line":177,"column":6},"end":{"line":177,"column":7}},"loc":{"start":{"line":177,"column":19},"end":{"line":177,"column":70}}},"25":{"name":"(anonymous_32)","decl":{"start":{"line":186,"column":49},"end":{"line":186,"column":50}},"loc":{"start":{"line":186,"column":58},"end":{"line":195,"column":3}}},"26":{"name":"(anonymous_33)","decl":{"start":{"line":197,"column":21},"end":{"line":197,"column":24}},"loc":{"start":{"line":197,"column":26},"end":{"line":199,"column":3}}},"27":{"name":"(anonymous_34)","decl":{"start":{"line":201,"column":23},"end":{"line":201,"column":24}},"loc":{"start":{"line":201,"column":50},"end":{"line":205,"column":3}}},"28":{"name":"(anonymous_35)","decl":{"start":{"line":207,"column":29},"end":{"line":207,"column":30}},"loc":{"start":{"line":207,"column":56},"end":{"line":210,"column":3}}},"29":{"name":"(anonymous_36)","decl":{"start":{"line":224,"column":19},"end":{"line":224,"column":22}},"loc":{"start":{"line":224,"column":24},"end":{"line":226,"column":11}}},"30":{"name":"(anonymous_37)","decl":{"start":{"line":244,"column":20},"end":{"line":244,"column":21}},"loc":{"start":{"line":244,"column":26},"end":{"line":247,"column":11}}},"31":{"name":"(anonymous_38)","decl":{"start":{"line":271,"column":24},"end":{"line":271,"column":25}},"loc":{"start":{"line":271,"column":33},"end":{"line":280,"column":17}}},"32":{"name":"(anonymous_39)","decl":{"start":{"line":281,"column":22},"end":{"line":281,"column":23}},"loc":{"start":{"line":281,"column":32},"end":{"line":281,"column":76}}},"33":{"name":"(anonymous_40)","decl":{"start":{"line":282,"column":21},"end":{"line":282,"column":22}},"loc":{"start":{"line":283,"column":18},"end":{"line":289,"column":null}}},"34":{"name":"(anonymous_41)","decl":{"start":{"line":284,"column":29},"end":{"line":284,"column":32}},"loc":{"start":{"line":284,"column":35},"end":{"line":284,"column":62}}},"35":{"name":"(anonymous_42)","decl":{"start":{"line":307,"column":22},"end":{"line":307,"column":23}},"loc":{"start":{"line":307,"column":32},"end":{"line":307,"column":76}}},"36":{"name":"(anonymous_43)","decl":{"start":{"line":308,"column":21},"end":{"line":308,"column":22}},"loc":{"start":{"line":309,"column":18},"end":{"line":315,"column":null}}},"37":{"name":"(anonymous_44)","decl":{"start":{"line":310,"column":29},"end":{"line":310,"column":32}},"loc":{"start":{"line":310,"column":35},"end":{"line":310,"column":62}}}},"branchMap":{"0":{"loc":{"start":{"line":55,"column":6},"end":{"line":60,"column":7}},"type":"if","locations":[{"start":{"line":55,"column":6},"end":{"line":60,"column":7}}]},"1":{"loc":{"start":{"line":62,"column":6},"end":{"line":77,"column":7}},"type":"if","locations":[{"start":{"line":62,"column":6},"end":{"line":77,"column":7}}]},"2":{"loc":{"start":{"line":63,"column":8},"end":{"line":76,"column":9}},"type":"if","locations":[{"start":{"line":63,"column":8},"end":{"line":76,"column":9}},{"start":{"line":70,"column":15},"end":{"line":76,"column":9}}]},"3":{"loc":{"start":{"line":79,"column":6},"end":{"line":94,"column":7}},"type":"if","locations":[{"start":{"line":79,"column":6},"end":{"line":94,"column":7}}]},"4":{"loc":{"start":{"line":80,"column":8},"end":{"line":93,"column":9}},"type":"if","locations":[{"start":{"line":80,"column":8},"end":{"line":93,"column":9}},{"start":{"line":87,"column":15},"end":{"line":93,"column":9}}]},"5":{"loc":{"start":{"line":96,"column":6},"end":{"line":113,"column":7}},"type":"if","locations":[{"start":{"line":96,"column":6},"end":{"line":113,"column":7}}]},"6":{"loc":{"start":{"line":97,"column":8},"end":{"line":112,"column":9}},"type":"if","locations":[{"start":{"line":97,"column":8},"end":{"line":112,"column":9}},{"start":{"line":106,"column":15},"end":{"line":112,"column":9}}]},"7":{"loc":{"start":{"line":115,"column":6},"end":{"line":125,"column":7}},"type":"if","locations":[{"start":{"line":115,"column":6},"end":{"line":125,"column":7}}]},"8":{"loc":{"start":{"line":127,"column":6},"end":{"line":139,"column":7}},"type":"if","locations":[{"start":{"line":127,"column":6},"end":{"line":139,"column":7}}]},"9":{"loc":{"start":{"line":128,"column":8},"end":{"line":138,"column":9}},"type":"if","locations":[{"start":{"line":128,"column":8},"end":{"line":138,"column":9}}]},"10":{"loc":{"start":{"line":133,"column":14},"end":{"line":134,"column":62}},"type":"binary-expr","locations":[{"start":{"line":133,"column":14},"end":{"line":133,"column":62}},{"start":{"line":134,"column":14},"end":{"line":134,"column":62}}]},"11":{"loc":{"start":{"line":149,"column":4},"end":{"line":151,"column":5}},"type":"if","locations":[{"start":{"line":149,"column":4},"end":{"line":151,"column":5}}]},"12":{"loc":{"start":{"line":166,"column":4},"end":{"line":168,"column":5}},"type":"if","locations":[{"start":{"line":166,"column":4},"end":{"line":168,"column":5}}]},"13":{"loc":{"start":{"line":170,"column":4},"end":{"line":174,"column":5}},"type":"if","locations":[{"start":{"line":170,"column":4},"end":{"line":174,"column":5}}]},"14":{"loc":{"start":{"line":170,"column":8},"end":{"line":170,"column":43}},"type":"binary-expr","locations":[{"start":{"line":170,"column":8},"end":{"line":170,"column":27}},{"start":{"line":170,"column":31},"end":{"line":170,"column":43}}]},"15":{"loc":{"start":{"line":190,"column":6},"end":{"line":193,"column":47}},"type":"binary-expr","locations":[{"start":{"line":190,"column":6},"end":{"line":190,"column":16}},{"start":{"line":191,"column":6},"end":{"line":191,"column":32}},{"start":{"line":192,"column":7},"end":{"line":192,"column":41}},{"start":{"line":193,"column":8},"end":{"line":193,"column":46}}]},"16":{"loc":{"start":{"line":218,"column":10},"end":{"line":218,"column":null}},"type":"cond-expr","locations":[{"start":{"line":218,"column":26},"end":{"line":218,"column":42}},{"start":{"line":218,"column":45},"end":{"line":218,"column":null}}]},"17":{"loc":{"start":{"line":236,"column":21},"end":{"line":236,"column":68}},"type":"cond-expr","locations":[{"start":{"line":236,"column":37},"end":{"line":236,"column":50}},{"start":{"line":236,"column":53},"end":{"line":236,"column":68}}]},"18":{"loc":{"start":{"line":238,"column":12},"end":{"line":240,"column":52}},"type":"cond-expr","locations":[{"start":{"line":239,"column":16},"end":{"line":239,"column":35}},{"start":{"line":240,"column":16},"end":{"line":240,"column":52}}]},"19":{"loc":{"start":{"line":258,"column":7},"end":{"line":263,"column":null}},"type":"binary-expr","locations":[{"start":{"line":258,"column":7},"end":{"line":258,"column":22}},{"start":{"line":259,"column":8},"end":{"line":262,"column":null}}]},"20":{"loc":{"start":{"line":266,"column":7},"end":{"line":299,"column":null}},"type":"binary-expr","locations":[{"start":{"line":266,"column":7},"end":{"line":266,"column":19}},{"start":{"line":266,"column":23},"end":{"line":266,"column":35}},{"start":{"line":267,"column":8},"end":{"line":298,"column":null}}]},"21":{"loc":{"start":{"line":275,"column":20},"end":{"line":278,"column":61}},"type":"binary-expr","locations":[{"start":{"line":275,"column":20},"end":{"line":275,"column":30}},{"start":{"line":276,"column":20},"end":{"line":276,"column":46}},{"start":{"line":277,"column":21},"end":{"line":277,"column":55}},{"start":{"line":278,"column":22},"end":{"line":278,"column":60}}]},"22":{"loc":{"start":{"line":296,"column":13},"end":{"line":296,"column":62}},"type":"cond-expr","locations":[{"start":{"line":296,"column":42},"end":{"line":296,"column":50}},{"start":{"line":296,"column":53},"end":{"line":296,"column":62}}]},"23":{"loc":{"start":{"line":297,"column":16},"end":{"line":297,"column":55}},"type":"cond-expr","locations":[{"start":{"line":297,"column":31},"end":{"line":297,"column":50}},{"start":{"line":297,"column":53},"end":{"line":297,"column":55}}]},"24":{"loc":{"start":{"line":302,"column":7},"end":{"line":324,"column":null}},"type":"binary-expr","locations":[{"start":{"line":302,"column":7},"end":{"line":302,"column":20}},{"start":{"line":302,"column":24},"end":{"line":302,"column":36}},{"start":{"line":302,"column":40},"end":{"line":302,"column":52}},{"start":{"line":303,"column":8},"end":{"line":323,"column":null}}]},"25":{"loc":{"start":{"line":321,"column":33},"end":{"line":321,"column":79}},"type":"cond-expr","locations":[{"start":{"line":321,"column":59},"end":{"line":321,"column":67}},{"start":{"line":321,"column":70},"end":{"line":321,"column":79}}]},"26":{"loc":{"start":{"line":322,"column":16},"end":{"line":322,"column":55}},"type":"cond-expr","locations":[{"start":{"line":322,"column":31},"end":{"line":322,"column":50}},{"start":{"line":322,"column":53},"end":{"line":322,"column":55}}]}},"s":{"0":1,"1":1,"2":1,"3":1,"4":1,"5":1,"6":1,"7":1,"8":1,"9":1,"10":1,"11":1,"12":55,"13":55,"14":55,"15":55,"16":55,"17":55,"18":55,"19":55,"20":55,"21":55,"22":22,"23":22,"24":22,"25":22,"26":22,"27":22,"28":22,"29":22,"30":22,"31":1,"32":3,"33":1,"34":22,"35":2,"36":1,"37":2,"38":1,"39":3,"40":3,"41":4,"42":1,"43":1,"44":3,"45":3,"46":1,"47":22,"48":2,"49":1,"50":2,"51":1,"52":3,"53":3,"54":4,"55":1,"56":1,"57":3,"58":3,"59":1,"60":22,"61":2,"62":1,"63":2,"64":1,"65":3,"66":3,"67":5,"68":1,"69":1,"70":3,"71":3,"72":1,"73":22,"74":1,"75":1,"76":3,"77":1,"78":1,"79":1,"80":22,"81":0,"82":0,"83":0,"84":0,"85":0,"86":0,"87":0,"88":22,"89":55,"90":55,"91":0,"92":0,"93":0,"94":0,"95":55,"96":161,"97":55,"98":8,"99":55,"100":1,"101":1,"102":1,"103":1,"104":1,"105":1,"106":1,"107":0,"108":0,"109":0,"110":0,"111":0,"112":55,"113":152,"114":152,"115":152,"116":55,"117":8,"118":55,"119":8,"120":8,"121":8,"122":55,"123":0,"124":0,"125":55,"126":55,"127":8,"128":4,"129":4,"130":18,"131":18,"132":18,"133":0,"134":2,"135":0,"136":3,"137":11,"138":0,"139":1},"f":{"0":55,"1":22,"2":22,"3":3,"4":2,"5":3,"6":4,"7":3,"8":2,"9":3,"10":4,"11":3,"12":2,"13":3,"14":5,"15":3,"16":3,"17":1,"18":0,"19":0,"20":0,"21":161,"22":8,"23":1,"24":0,"25":152,"26":8,"27":8,"28":0,"29":8,"30":4,"31":18,"32":0,"33":2,"34":0,"35":3,"36":11,"37":0},"b":{"0":[1],"1":[2],"2":[1,1],"3":[2],"4":[1,1],"5":[2],"6":[1,1],"7":[1],"8":[0],"9":[0],"10":[0,0],"11":[0],"12":[1],"13":[1],"14":[1,1],"15":[152,24,22,20],"16":[54,1],"17":[54,1],"18":[54,1],"19":[55,32],"20":[55,8,6],"21":[18,18,18,16],"22":[2,4],"23":[0,6],"24":[55,47,47,8],"25":[5,3],"26":[8,0]}}
}
