TN:
SF:src\Components\ChartSearch.tsx
FN:9,(anonymous_1)
FN:12,(anonymous_2)
FN:15,(anonymous_3)
FN:18,(anonymous_4)
FN:41,(anonymous_5)
FNF:5
FNH:5
FNDA:2,(anonymous_1)
FNDA:6,(anonymous_2)
FNDA:6,(anonymous_3)
FNDA:6,(anonymous_4)
FNDA:2,(anonymous_5)
DA:1,1
DA:2,1
DA:3,1
DA:4,1
DA:7,1
DA:9,1
DA:11,2
DA:12,6
DA:14,2
DA:15,6
DA:17,2
DA:18,6
DA:22,2
DA:38,2
DA:45,2
DA:46,2
DA:49,2
DA:51,2
DA:53,2
DA:57,2
DA:60,2
DA:61,2
DA:62,2
DA:63,2
DA:64,2
DA:70,2
DA:74,2
DA:103,2
LF:28
LH:28
BRDA:49,0,0,2
BRDA:49,1,0,2
BRDA:49,1,1,2
BRF:3
BRH:3
end_of_record
TN:
SF:src\Components\ComparisonWidget.tsx
FN:9,(anonymous_1)
FN:11,(anonymous_2)
FN:17,(anonymous_3)
FN:18,(anonymous_4)
FN:22,(anonymous_5)
FN:23,(anonymous_6)
FN:25,(anonymous_7)
FN:45,(anonymous_8)
FN:58,(anonymous_9)
FN:103,(anonymous_10)
FN:118,(anonymous_11)
FN:130,(anonymous_12)
FN:151,(anonymous_13)
FNF:13
FNH:12
FNDA:11,(anonymous_1)
FNDA:31,(anonymous_2)
FNDA:31,(anonymous_3)
FNDA:3,(anonymous_4)
FNDA:31,(anonymous_5)
FNDA:3,(anonymous_6)
FNDA:9,(anonymous_7)
FNDA:9,(anonymous_8)
FNDA:1,(anonymous_9)
FNDA:1,(anonymous_10)
FNDA:9,(anonymous_11)
FNDA:1,(anonymous_12)
FNDA:0,(anonymous_13)
DA:1,1
DA:2,1
DA:3,1
DA:4,1
DA:5,1
DA:6,1
DA:7,1
DA:9,1
DA:11,11
DA:12,31
DA:16,11
DA:17,31
DA:18,3
DA:21,11
DA:22,31
DA:23,3
DA:25,11
DA:26,9
DA:27,9
DA:30,11
DA:32,11
DA:34,11
DA:36,11
DA:46,9
DA:59,1
DA:62,1
DA:63,1
DA:104,1
DA:117,1
DA:118,1
DA:119,9
DA:121,9
DA:123,1
DA:128,1
DA:130,1
DA:133,1
DA:134,1
DA:152,0
LF:38
LH:37
BRDA:12,0,0,31
BRDA:12,0,1,0
BRDA:18,1,0,3
BRDA:18,1,1,0
BRDA:23,2,0,3
BRDA:23,2,1,0
BRDA:40,3,0,11
BRDA:40,3,1,5
BRDA:50,4,0,9
BRDA:50,4,1,0
BRDA:62,5,0,1
BRDA:80,6,0,0
BRDA:80,6,1,9
BRF:13
BRH:8
end_of_record
TN:
SF:src\Components\FilterArrow.tsx
FN:5,(anonymous_1)
FNF:1
FNH:1
FNDA:45,(anonymous_1)
DA:1,2
DA:2,2
DA:3,2
DA:5,2
DA:6,45
LF:5
LH:5
BRDA:13,0,0,25
BRDA:13,0,1,20
BRF:2
BRH:2
end_of_record
TN:
SF:src\Components\FilterModal.tsx
FN:25,(anonymous_1)
FN:81,(anonymous_2)
FN:89,(anonymous_3)
FN:103,(anonymous_4)
FN:117,(anonymous_5)
FN:129,(anonymous_6)
FN:148,(anonymous_7)
FN:167,(anonymous_8)
FN:194,(anonymous_9)
FN:223,(anonymous_10)
FN:253,(anonymous_11)
FN:259,(anonymous_12)
FNF:12
FNH:11
FNDA:69,(anonymous_1)
FNDA:46,(anonymous_2)
FNDA:10,(anonymous_3)
FNDA:1,(anonymous_4)
FNDA:69,(anonymous_5)
FNDA:0,(anonymous_6)
FNDA:3,(anonymous_7)
FNDA:3,(anonymous_8)
FNDA:3,(anonymous_9)
FNDA:3,(anonymous_10)
FNDA:3,(anonymous_11)
FNDA:621,(anonymous_12)
DA:1,2
DA:2,2
DA:3,2
DA:6,2
DA:7,2
DA:25,2
DA:38,69
DA:39,69
DA:40,69
DA:41,69
DA:42,69
DA:45,69
DA:48,69
DA:51,69
DA:53,69
DA:71,69
DA:81,69
DA:83,46
DA:84,46
DA:86,46
DA:89,69
DA:90,10
DA:100,10
DA:103,69
DA:104,1
DA:105,1
DA:106,1
DA:107,1
DA:108,1
DA:109,1
DA:110,1
DA:112,1
DA:114,1
DA:117,69
DA:118,69
DA:119,66
DA:122,3
DA:123,0
DA:125,3
DA:129,69
DA:130,0
DA:131,0
DA:134,69
DA:135,69
DA:137,69
DA:148,3
DA:167,3
DA:194,3
DA:223,3
DA:253,3
DA:260,621
LF:51
LH:48
BRDA:28,0,0,0
BRDA:118,1,0,66
BRDA:122,2,0,0
BRDA:122,2,1,3
BRDA:296,3,0,69
BRDA:296,3,1,57
BRDA:296,3,2,52
BRDA:296,3,3,40
BRDA:296,3,4,28
BRDA:296,3,5,16
BRF:10
BRH:8
end_of_record
TN:
SF:src\Components\SearchBar.tsx
FN:17,(anonymous_7)
FN:40,(anonymous_8)
FN:53,(anonymous_9)
FN:60,(anonymous_10)
FN:68,(anonymous_11)
FN:69,(anonymous_12)
FN:71,(anonymous_13)
FN:75,(anonymous_14)
FN:85,(anonymous_15)
FN:86,(anonymous_16)
FN:88,(anonymous_17)
FN:92,(anonymous_18)
FN:104,(anonymous_19)
FN:105,(anonymous_20)
FN:107,(anonymous_21)
FN:111,(anonymous_22)
FN:121,(anonymous_23)
FN:123,(anonymous_24)
FN:133,(anonymous_25)
FN:134,(anonymous_26)
FN:151,(anonymous_27)
FN:160,(anonymous_28)
FN:163,(anonymous_29)
FN:167,(anonymous_30)
FN:181,(anonymous_31)
FN:190,(anonymous_32)
FN:201,(anonymous_33)
FN:205,(anonymous_34)
FN:211,(anonymous_35)
FN:229,(anonymous_36)
FN:249,(anonymous_37)
FN:281,(anonymous_38)
FN:291,(anonymous_39)
FN:292,(anonymous_40)
FN:294,(anonymous_41)
FN:317,(anonymous_42)
FN:318,(anonymous_43)
FN:320,(anonymous_44)
FNF:38
FNH:30
FNDA:55,(anonymous_7)
FNDA:22,(anonymous_8)
FNDA:22,(anonymous_9)
FNDA:3,(anonymous_10)
FNDA:2,(anonymous_11)
FNDA:3,(anonymous_12)
FNDA:4,(anonymous_13)
FNDA:3,(anonymous_14)
FNDA:2,(anonymous_15)
FNDA:3,(anonymous_16)
FNDA:4,(anonymous_17)
FNDA:3,(anonymous_18)
FNDA:2,(anonymous_19)
FNDA:3,(anonymous_20)
FNDA:5,(anonymous_21)
FNDA:3,(anonymous_22)
FNDA:3,(anonymous_23)
FNDA:1,(anonymous_24)
FNDA:0,(anonymous_25)
FNDA:0,(anonymous_26)
FNDA:0,(anonymous_27)
FNDA:161,(anonymous_28)
FNDA:8,(anonymous_29)
FNDA:1,(anonymous_30)
FNDA:0,(anonymous_31)
FNDA:152,(anonymous_32)
FNDA:8,(anonymous_33)
FNDA:8,(anonymous_34)
FNDA:0,(anonymous_35)
FNDA:8,(anonymous_36)
FNDA:4,(anonymous_37)
FNDA:18,(anonymous_38)
FNDA:0,(anonymous_39)
FNDA:2,(anonymous_40)
FNDA:0,(anonymous_41)
FNDA:3,(anonymous_42)
FNDA:11,(anonymous_43)
FNDA:0,(anonymous_44)
DA:1,1
DA:2,1
DA:3,1
DA:4,1
DA:5,1
DA:6,1
DA:7,1
DA:8,1
DA:9,1
DA:10,1
DA:11,1
DA:17,1
DA:18,55
DA:19,55
DA:20,55
DA:21,55
DA:22,55
DA:25,55
DA:35,55
DA:37,55
DA:38,55
DA:40,55
DA:41,22
DA:42,22
DA:45,22
DA:46,22
DA:48,22
DA:49,22
DA:53,22
DA:54,22
DA:58,22
DA:59,1
DA:60,3
DA:63,1
DA:66,22
DA:67,2
DA:68,2
DA:69,1
DA:70,3
DA:71,4
DA:73,1
DA:75,1
DA:76,3
DA:77,3
DA:79,1
DA:83,22
DA:84,2
DA:85,2
DA:86,1
DA:87,3
DA:88,4
DA:90,1
DA:92,1
DA:93,3
DA:94,3
DA:96,1
DA:100,22
DA:101,2
DA:102,1
DA:104,2
DA:105,1
DA:106,3
DA:107,5
DA:109,1
DA:111,1
DA:112,3
DA:113,3
DA:115,1
DA:119,22
DA:120,1
DA:121,1
DA:122,3
DA:123,1
DA:127,1
DA:128,1
DA:131,22
DA:132,0
DA:133,0
DA:134,0
DA:135,0
DA:136,0
DA:141,0
DA:146,22
DA:149,55
DA:151,55
DA:152,0
DA:153,0
DA:154,0
DA:156,0
DA:159,55
DA:160,161
DA:163,55
DA:164,8
DA:167,55
DA:168,1
DA:170,1
DA:171,1
DA:174,1
DA:175,1
DA:176,1
DA:177,1
DA:180,0
DA:181,0
DA:183,0
DA:185,0
DA:187,0
DA:190,55
DA:191,152
DA:192,152
DA:193,152
DA:201,55
DA:202,8
DA:205,55
DA:206,8
DA:207,8
DA:208,8
DA:211,55
DA:212,0
DA:214,0
DA:217,55
DA:219,55
DA:230,8
DA:250,4
DA:251,4
DA:282,18
DA:283,18
DA:284,18
DA:291,0
DA:293,2
DA:294,0
DA:317,3
DA:319,11
DA:320,0
LF:133
LH:113
BRDA:58,0,0,1
BRDA:66,1,0,2
BRDA:67,2,0,1
BRDA:67,2,1,1
BRDA:83,3,0,2
BRDA:84,4,0,1
BRDA:84,4,1,1
BRDA:100,5,0,2
BRDA:101,6,0,1
BRDA:101,6,1,1
BRDA:119,7,0,1
BRDA:131,8,0,0
BRDA:132,9,0,0
BRDA:137,10,0,0
BRDA:137,10,1,0
BRDA:153,11,0,0
BRDA:170,12,0,1
BRDA:174,13,0,1
BRDA:174,14,0,1
BRDA:174,14,1,1
BRDA:194,15,0,152
BRDA:194,15,1,24
BRDA:194,15,2,22
BRDA:194,15,3,20
BRDA:223,16,0,54
BRDA:223,16,1,1
BRDA:241,17,0,54
BRDA:241,17,1,1
BRDA:243,18,0,54
BRDA:243,18,1,1
BRDA:266,19,0,55
BRDA:266,19,1,32
BRDA:276,20,0,55
BRDA:276,20,1,8
BRDA:276,20,2,6
BRDA:285,21,0,18
BRDA:285,21,1,18
BRDA:285,21,2,18
BRDA:285,21,3,16
BRDA:306,22,0,2
BRDA:306,22,1,4
BRDA:307,23,0,0
BRDA:307,23,1,6
BRDA:312,24,0,55
BRDA:312,24,1,47
BRDA:312,24,2,47
BRDA:312,24,3,8
BRDA:331,25,0,5
BRDA:331,25,1,3
BRDA:332,26,0,8
BRDA:332,26,1,0
BRF:51
BRH:44
end_of_record
