TN:
SF:src\Components\ChartSearch.tsx
FN:10,afterDraw
FN:57,(anonymous_2)
FN:60,(anonymous_3)
FN:63,(anonymous_4)
FN:66,(anonymous_5)
FNF:5
FNH:5
FNDA:1,afterDraw
FNDA:1,(anonymous_2)
FNDA:3,(anonymous_3)
FNDA:3,(anonymous_4)
FNDA:3,(anonymous_5)
DA:1,1
DA:2,1
DA:3,1
DA:4,1
DA:7,1
DA:10,1
DA:14,1
DA:15,1
DA:18,1
DA:20,1
DA:22,1
DA:26,1
DA:31,1
DA:34,1
DA:37,1
DA:40,1
DA:41,1
DA:44,1
DA:45,0
DA:46,0
DA:47,0
DA:50,1
DA:51,1
DA:52,1
DA:54,1
DA:57,1
DA:59,1
DA:60,3
DA:62,1
DA:63,3
DA:65,1
DA:66,3
DA:70,1
DA:86,1
DA:91,1
DA:120,1
LF:36
LH:33
BRDA:18,0,0,1
BRDA:18,1,0,1
BRDA:18,1,1,1
BRF:3
BRH:3
end_of_record
TN:
SF:src\Components\ComparisonWidget.tsx
FN:9,(anonymous_1)
FN:11,(anonymous_2)
FN:17,(anonymous_3)
FN:18,(anonymous_4)
FN:22,(anonymous_5)
FN:23,(anonymous_6)
FN:25,(anonymous_7)
FN:45,(anonymous_8)
FN:58,(anonymous_9)
FN:103,(anonymous_10)
FN:118,(anonymous_11)
FN:130,(anonymous_12)
FN:151,(anonymous_13)
FNF:13
FNH:12
FNDA:11,(anonymous_1)
FNDA:31,(anonymous_2)
FNDA:31,(anonymous_3)
FNDA:3,(anonymous_4)
FNDA:31,(anonymous_5)
FNDA:3,(anonymous_6)
FNDA:9,(anonymous_7)
FNDA:9,(anonymous_8)
FNDA:1,(anonymous_9)
FNDA:1,(anonymous_10)
FNDA:9,(anonymous_11)
FNDA:1,(anonymous_12)
FNDA:0,(anonymous_13)
DA:1,1
DA:2,1
DA:3,1
DA:4,1
DA:5,1
DA:6,1
DA:7,1
DA:9,1
DA:11,11
DA:12,31
DA:16,11
DA:17,31
DA:18,3
DA:21,11
DA:22,31
DA:23,3
DA:25,11
DA:26,9
DA:27,9
DA:30,11
DA:32,11
DA:34,11
DA:36,11
DA:46,9
DA:59,1
DA:62,1
DA:63,1
DA:104,1
DA:117,1
DA:118,1
DA:119,9
DA:121,9
DA:123,1
DA:128,1
DA:130,1
DA:133,1
DA:134,1
DA:152,0
LF:38
LH:37
BRDA:12,0,0,31
BRDA:12,0,1,0
BRDA:18,1,0,3
BRDA:18,1,1,0
BRDA:23,2,0,3
BRDA:23,2,1,0
BRDA:40,3,0,11
BRDA:40,3,1,5
BRDA:50,4,0,9
BRDA:50,4,1,0
BRDA:62,5,0,1
BRDA:80,6,0,0
BRDA:80,6,1,9
BRF:13
BRH:8
end_of_record
TN:
SF:src\Components\Filter.tsx
FN:25,(anonymous_1)
FN:81,(anonymous_2)
FN:89,(anonymous_3)
FN:103,(anonymous_4)
FN:117,(anonymous_5)
FN:129,(anonymous_6)
FN:148,(anonymous_7)
FN:167,(anonymous_8)
FN:194,(anonymous_9)
FN:223,(anonymous_10)
FN:253,(anonymous_11)
FN:259,(anonymous_12)
FNF:12
FNH:11
FNDA:69,(anonymous_1)
FNDA:46,(anonymous_2)
FNDA:10,(anonymous_3)
FNDA:1,(anonymous_4)
FNDA:69,(anonymous_5)
FNDA:0,(anonymous_6)
FNDA:3,(anonymous_7)
FNDA:3,(anonymous_8)
FNDA:3,(anonymous_9)
FNDA:3,(anonymous_10)
FNDA:3,(anonymous_11)
FNDA:621,(anonymous_12)
DA:1,2
DA:2,2
DA:3,2
DA:6,2
DA:7,2
DA:25,2
DA:38,69
DA:39,69
DA:40,69
DA:41,69
DA:42,69
DA:45,69
DA:48,69
DA:51,69
DA:53,69
DA:71,69
DA:81,69
DA:83,46
DA:84,46
DA:86,46
DA:89,69
DA:90,10
DA:100,10
DA:103,69
DA:104,1
DA:105,1
DA:106,1
DA:107,1
DA:108,1
DA:109,1
DA:110,1
DA:112,1
DA:114,1
DA:117,69
DA:118,69
DA:119,66
DA:122,3
DA:123,0
DA:125,3
DA:129,69
DA:130,0
DA:131,0
DA:134,69
DA:135,69
DA:137,69
DA:148,3
DA:167,3
DA:194,3
DA:223,3
DA:253,3
DA:260,621
LF:51
LH:48
BRDA:28,0,0,0
BRDA:118,1,0,66
BRDA:122,2,0,0
BRDA:122,2,1,3
BRDA:296,3,0,69
BRDA:296,3,1,57
BRDA:296,3,2,52
BRDA:296,3,3,40
BRDA:296,3,4,28
BRDA:296,3,5,16
BRF:10
BRH:8
end_of_record
TN:
SF:src\Components\FilterArrow.tsx
FN:5,(anonymous_1)
FNF:1
FNH:1
FNDA:45,(anonymous_1)
DA:1,2
DA:2,2
DA:3,2
DA:5,2
DA:6,45
LF:5
LH:5
BRDA:13,0,0,25
BRDA:13,0,1,20
BRF:2
BRH:2
end_of_record
TN:
SF:src\Components\SearchBar.tsx
FN:17,(anonymous_7)
FN:39,(anonymous_8)
FN:52,(anonymous_9)
FN:57,(anonymous_10)
FN:64,(anonymous_11)
FN:65,(anonymous_12)
FN:67,(anonymous_13)
FN:71,(anonymous_14)
FN:81,(anonymous_15)
FN:82,(anonymous_16)
FN:84,(anonymous_17)
FN:88,(anonymous_18)
FN:100,(anonymous_19)
FN:101,(anonymous_20)
FN:103,(anonymous_21)
FN:107,(anonymous_22)
FN:117,(anonymous_23)
FN:119,(anonymous_24)
FN:129,(anonymous_25)
FN:130,(anonymous_26)
FN:147,(anonymous_27)
FN:156,(anonymous_28)
FN:159,(anonymous_29)
FN:163,(anonymous_30)
FN:177,(anonymous_31)
FN:186,(anonymous_32)
FN:197,(anonymous_33)
FN:201,(anonymous_34)
FN:207,(anonymous_35)
FN:224,(anonymous_36)
FN:244,(anonymous_37)
FN:271,(anonymous_38)
FN:281,(anonymous_39)
FN:282,(anonymous_40)
FN:284,(anonymous_41)
FN:307,(anonymous_42)
FN:308,(anonymous_43)
FN:310,(anonymous_44)
FNF:38
FNH:30
FNDA:55,(anonymous_7)
FNDA:22,(anonymous_8)
FNDA:22,(anonymous_9)
FNDA:3,(anonymous_10)
FNDA:2,(anonymous_11)
FNDA:3,(anonymous_12)
FNDA:4,(anonymous_13)
FNDA:3,(anonymous_14)
FNDA:2,(anonymous_15)
FNDA:3,(anonymous_16)
FNDA:4,(anonymous_17)
FNDA:3,(anonymous_18)
FNDA:2,(anonymous_19)
FNDA:3,(anonymous_20)
FNDA:5,(anonymous_21)
FNDA:3,(anonymous_22)
FNDA:3,(anonymous_23)
FNDA:1,(anonymous_24)
FNDA:0,(anonymous_25)
FNDA:0,(anonymous_26)
FNDA:0,(anonymous_27)
FNDA:161,(anonymous_28)
FNDA:8,(anonymous_29)
FNDA:1,(anonymous_30)
FNDA:0,(anonymous_31)
FNDA:152,(anonymous_32)
FNDA:8,(anonymous_33)
FNDA:8,(anonymous_34)
FNDA:0,(anonymous_35)
FNDA:8,(anonymous_36)
FNDA:4,(anonymous_37)
FNDA:18,(anonymous_38)
FNDA:0,(anonymous_39)
FNDA:2,(anonymous_40)
FNDA:0,(anonymous_41)
FNDA:3,(anonymous_42)
FNDA:11,(anonymous_43)
FNDA:0,(anonymous_44)
DA:1,1
DA:2,1
DA:3,1
DA:4,1
DA:5,1
DA:6,1
DA:7,1
DA:8,1
DA:9,1
DA:10,1
DA:11,1
DA:17,1
DA:18,55
DA:19,55
DA:20,55
DA:21,55
DA:22,55
DA:24,55
DA:34,55
DA:36,55
DA:37,55
DA:39,55
DA:40,22
DA:41,22
DA:44,22
DA:45,22
DA:47,22
DA:48,22
DA:52,22
DA:53,22
DA:55,22
DA:56,1
DA:57,3
DA:59,1
DA:62,22
DA:63,2
DA:64,2
DA:65,1
DA:66,3
DA:67,4
DA:69,1
DA:71,1
DA:72,3
DA:73,3
DA:75,1
DA:79,22
DA:80,2
DA:81,2
DA:82,1
DA:83,3
DA:84,4
DA:86,1
DA:88,1
DA:89,3
DA:90,3
DA:92,1
DA:96,22
DA:97,2
DA:98,1
DA:100,2
DA:101,1
DA:102,3
DA:103,5
DA:105,1
DA:107,1
DA:108,3
DA:109,3
DA:111,1
DA:115,22
DA:116,1
DA:117,1
DA:118,3
DA:119,1
DA:123,1
DA:124,1
DA:127,22
DA:128,0
DA:129,0
DA:130,0
DA:131,0
DA:132,0
DA:137,0
DA:142,22
DA:145,55
DA:147,55
DA:148,0
DA:149,0
DA:150,0
DA:152,0
DA:155,55
DA:156,161
DA:159,55
DA:160,8
DA:163,55
DA:164,1
DA:166,1
DA:167,1
DA:170,1
DA:171,1
DA:172,1
DA:173,1
DA:176,0
DA:177,0
DA:179,0
DA:181,0
DA:183,0
DA:186,55
DA:187,152
DA:188,152
DA:189,152
DA:197,55
DA:198,8
DA:201,55
DA:202,8
DA:203,8
DA:204,8
DA:207,55
DA:208,0
DA:209,0
DA:212,55
DA:214,55
DA:225,8
DA:245,4
DA:246,4
DA:272,18
DA:273,18
DA:274,18
DA:281,0
DA:283,2
DA:284,0
DA:307,3
DA:309,11
DA:310,0
LF:133
LH:113
BRDA:55,0,0,1
BRDA:62,1,0,2
BRDA:63,2,0,1
BRDA:63,2,1,1
BRDA:79,3,0,2
BRDA:80,4,0,1
BRDA:80,4,1,1
BRDA:96,5,0,2
BRDA:97,6,0,1
BRDA:97,6,1,1
BRDA:115,7,0,1
BRDA:127,8,0,0
BRDA:128,9,0,0
BRDA:133,10,0,0
BRDA:133,10,1,0
BRDA:149,11,0,0
BRDA:166,12,0,1
BRDA:170,13,0,1
BRDA:170,14,0,1
BRDA:170,14,1,1
BRDA:190,15,0,152
BRDA:190,15,1,24
BRDA:190,15,2,22
BRDA:190,15,3,20
BRDA:218,16,0,54
BRDA:218,16,1,1
BRDA:236,17,0,54
BRDA:236,17,1,1
BRDA:238,18,0,54
BRDA:238,18,1,1
BRDA:258,19,0,55
BRDA:258,19,1,32
BRDA:266,20,0,55
BRDA:266,20,1,8
BRDA:266,20,2,6
BRDA:275,21,0,18
BRDA:275,21,1,18
BRDA:275,21,2,18
BRDA:275,21,3,16
BRDA:296,22,0,2
BRDA:296,22,1,4
BRDA:297,23,0,0
BRDA:297,23,1,6
BRDA:302,24,0,55
BRDA:302,24,1,47
BRDA:302,24,2,47
BRDA:302,24,3,8
BRDA:321,25,0,5
BRDA:321,25,1,3
BRDA:322,26,0,8
BRDA:322,26,1,0
BRF:51
BRH:44
end_of_record
